{
  "test/annexB/built-ins/Function/createdynfn-html-close-comment-body.js-strict:true": "test/annexB/built-ins/Function/createdynfn-html-close-comment-body.js: SyntaxError: SyntaxError: <eval>: Line 4:3 Unexpected token > (and 3 more errors) <at omitted>",
  "test/annexB/built-ins/Function/createdynfn-html-close-comment-params.js-strict:true": "test/annexB/built-ins/Function/createdynfn-html-close-comment-params.js: SyntaxError: SyntaxError: <eval>: Line 2:1 Unexpected token -- (and 5 more errors) <at omitted>",
  "test/annexB/built-ins/Function/createdynfn-html-open-comment-body.js-strict:true": "test/annexB/built-ins/Function/createdynfn-html-open-comment-body.js: SyntaxError: SyntaxError: <eval>: Line 3:1 Unexpected token < (and 2 more errors) <at omitted>",
  "test/annexB/built-ins/Function/createdynfn-html-open-comment-params.js-strict:true": "test/annexB/built-ins/Function/createdynfn-html-open-comment-params.js: SyntaxError: SyntaxError: <eval>: Line 1:21 Unexpected token < (and 5 more errors) <at omitted>",
  "test/annexB/built-ins/Function/createdynfn-no-line-terminator-html-close-comment-body.js-strict:true": "test/annexB/built-ins/Function/createdynfn-no-line-terminator-html-close-comment-body.js: SyntaxError: SyntaxError: <eval>: Line 3:3 Unexpected token > (and 3 more errors) <at omitted>",
  "test/annexB/built-ins/RegExp/RegExp-control-escape-russian-letter.js-strict:true": "test/annexB/built-ins/RegExp/RegExp-control-escape-russian-letter.js: Test262Error: invalid \\c escape matched c rather than \\c when followed by А Expected SameValue(«cА», «null») to be true <at omitted>",
  "test/annexB/built-ins/RegExp/RegExp-invalid-control-escape-character-class.js-strict:true": "test/annexB/built-ins/RegExp/RegExp-invalid-control-escape-character-class.js: Test262Error: Character \\ missing from character class [\\c\u0000] <at omitted>",
  "test/annexB/built-ins/RegExp/RegExp-leading-escape-BMP.js-strict:true": "test/annexB/built-ins/RegExp/RegExp-leading-escape-BMP.js: Test262Error: Code unit: d800 Expected SameValue(«\\\\\\ud800», «\\�») to be true <at omitted>",
  "test/annexB/built-ins/RegExp/RegExp-trailing-escape-BMP.js-strict:true": "test/annexB/built-ins/RegExp/RegExp-trailing-escape-BMP.js: Test262Error: Code unit: d800 Expected SameValue(«a\\\\\\ud800», «a\\�») to be true <at omitted>",
  "test/annexB/built-ins/RegExp/prototype/compile/pattern-string-invalid-u.js-strict:true": "test/annexB/built-ins/RegExp/prototype/compile/pattern-string-invalid-u.js: Test262Error: invalid pattern: { Expected a SyntaxError to be thrown but no exception was thrown at all <at omitted>",
  "test/built-ins/AsyncArrowFunction/is-a-constructor.js-strict:true": "test/built-ins/AsyncArrowFunction/is-a-constructor.js: SyntaxError: Async generators are not supported yet <at omitted>",
  "test/built-ins/AsyncFunction/AsyncFunction-is-subclass.js-strict:true": "test/built-ins/AsyncFunction/AsyncFunction-is-subclass.js: Test262Error: Prototype of constructor is Function Expected SameValue(«function () { [native code] }», «function Function() { [native code] }») to be true <at omitted>",
  "test/built-ins/AsyncFunction/is-a-constructor.js-strict:true": "test/built-ins/AsyncFunction/is-a-constructor.js: SyntaxError: Async generators are not supported yet <at omitted>",
  "test/built-ins/Date/UTC/fp-evaluation-order.js-strict:true": "test/built-ins/Date/UTC/fp-evaluation-order.js: Test262Error: order of operations / precision in MakeTime Expected SameValue(«29256», «29312») to be true <at omitted>",
  "test/built-ins/Function/internals/Construct/base-ctor-revoked-proxy.js-strict:true": "test/built-ins/Function/internals/Construct/base-ctor-revoked-proxy.js: Test262Error: Expected a TypeError to be thrown but no exception was thrown at all <at omitted>",
  "test/built-ins/GeneratorFunction/is-a-constructor.js-strict:true": "test/built-ins/GeneratorFunction/is-a-constructor.js: SyntaxError: Async generators are not supported yet <at omitted>",
  "test/built-ins/Object/seal/seal-bigint64array.js-strict:true": "test/built-ins/Object/seal/seal-bigint64array.js: ReferenceError: BigInt64Array is not defined <at omitted>",
  "test/built-ins/Object/seal/seal-biguint64array.js-strict:true": "test/built-ins/Object/seal/seal-biguint64array.js: ReferenceError: BigUint64Array is not defined <at omitted>",
  "test/built-ins/RegExp/quantifier-integer-limit.js-strict:true": "test/built-ins/RegExp/quantifier-integer-limit.js: SyntaxError: Invalid regular expression (re2): b{9007199254740991} (error parsing regexp: invalid repeat count: `{9007199254740991}`) <at omitted>",
  "test/built-ins/RegExp/unicode_restricted_brackets.js-strict:true": "test/built-ins/RegExp/unicode_restricted_brackets.js: Test262Error: RegExp(\"]\", \"u\"):  Expected a SyntaxError to be thrown but no exception was thrown at all <at omitted>",
  "test/built-ins/RegExp/unicode_restricted_character_class_escape.js-strict:true": "test/built-ins/RegExp/unicode_restricted_character_class_escape.js: Test262Error: RegExp(\"[\\d-a]\", \"u\"):  Expected a SyntaxError to be thrown but no exception was thrown at all <at omitted>",
  "test/built-ins/RegExp/unicode_restricted_identity_escape.js-strict:true": "test/built-ins/RegExp/unicode_restricted_identity_escape.js: Test262Error: Invalid IdentityEscape in AtomEscape: '\\\u0000' Expected a SyntaxError to be thrown but no exception was thrown at all <at omitted>",
  "test/built-ins/RegExp/unicode_restricted_identity_escape_alpha.js-strict:true": "test/built-ins/RegExp/unicode_restricted_identity_escape_alpha.js: Test262Error: IdentityEscape in AtomEscape: 'A' Expected a SyntaxError to be thrown but no exception was thrown at all <at omitted>",
  "test/built-ins/RegExp/unicode_restricted_identity_escape_c.js-strict:true": "test/built-ins/RegExp/unicode_restricted_identity_escape_c.js: Test262Error: Expected a SyntaxError to be thrown but no exception was thrown at all <at omitted>",
  "test/built-ins/RegExp/unicode_restricted_identity_escape_u.js-strict:true": "test/built-ins/RegExp/unicode_restricted_identity_escape_u.js: Test262Error: RegExp(\"\\u\", \"u\"):  Expected a SyntaxError to be thrown but no exception was thrown at all <at omitted>",
  "test/built-ins/RegExp/unicode_restricted_identity_escape_x.js-strict:true": "test/built-ins/RegExp/unicode_restricted_identity_escape_x.js: Test262Error: RegExp(\"\\x\", \"u\"):  Expected a SyntaxError to be thrown but no exception was thrown at all <at omitted>",
  "test/built-ins/RegExp/unicode_restricted_incomplete_quantifier.js-strict:true": "test/built-ins/RegExp/unicode_restricted_incomplete_quantifier.js: Test262Error: RegExp(\"a{\", \"u\"):  Expected a SyntaxError to be thrown but no exception was thrown at all <at omitted>",
  "test/built-ins/RegExp/unicode_restricted_octal_escape.js-strict:true": "test/built-ins/RegExp/unicode_restricted_octal_escape.js: Test262Error: RegExp(\"\\1\", \"u\"):  Expected a SyntaxError to be thrown but no exception was thrown at all <at omitted>",
  "test/built-ins/RegExp/unicode_restricted_quantifiable_assertion.js-strict:true": "test/built-ins/RegExp/unicode_restricted_quantifiable_assertion.js: Test262Error: RegExp(\"(?=.)*\", \"u\"):  Expected a SyntaxError to be thrown but no exception was thrown at all <at omitted>",
  "test/built-ins/TypedArrayConstructors/BigUint64Array/is-a-constructor.js-strict:true": "test/built-ins/TypedArrayConstructors/BigUint64Array/is-a-constructor.js: ReferenceError: BigUint64Array is not defined <at omitted>",
  "test/language/comments/hashbang/function-constructor.js-strict:true": "test/language/comments/hashbang/function-constructor.js: SyntaxError: Async generators are not supported yet <at omitted>",
  "test/language/comments/hashbang/module.js-strict:false": "test/language/comments/hashbang/module.js: file://TestTC39/test262/test/language/comments/hashbang/module.js: Line 1:28 Unexpected token ILLEGAL (and 2 more errors)",
  "test/language/destructuring/binding/syntax/destructuring-array-parameters-function-arguments-length.js-strict:true": "test/language/destructuring/binding/syntax/destructuring-array-parameters-function-arguments-length.js: SyntaxError: Async generators are not supported yet <at omitted>",
  "test/language/destructuring/binding/syntax/destructuring-object-parameters-function-arguments-length.js-strict:true": "test/language/destructuring/binding/syntax/destructuring-object-parameters-function-arguments-length.js: SyntaxError: Async generators are not supported yet <at omitted>",
  "test/language/expressions/assignment/fn-name-lhs-cover.js-strict:true": "test/language/expressions/assignment/fn-name-lhs-cover.js: Test262Error: descriptor value should be  <at omitted>",
  "test/language/expressions/class/class-name-ident-await-escaped-module.js-strict:true": "test/language/expressions/class/class-name-ident-await-escaped-module.js: error is not an object (Test262: This statement should not be evaluated.)",
  "test/language/expressions/class/class-name-ident-await-module.js-strict:true": "test/language/expressions/class/class-name-ident-await-module.js: error is not an object (Test262: This statement should not be evaluated.)",
  "test/language/expressions/class/elements/class-name-static-initializer-default-export.js-strict:true": "test/language/expressions/class/elements/class-name-static-initializer-default-export.js: Test262Error: Expected SameValue(«class_name_static_initializer_default_export_default», «default») to be true <at omitted>",
  "test/language/expressions/class/elements/private-getter-is-not-a-own-property.js-strict:true": "test/language/expressions/class/elements/private-getter-is-not-a-own-property.js: TypeError: Object has no member '__lookupGetter__' <at omitted>",
  "test/language/expressions/class/elements/private-setter-is-not-a-own-property.js-strict:true": "test/language/expressions/class/elements/private-setter-is-not-a-own-property.js: TypeError: Object has no member '__lookupSetter__' <at omitted>",
  "test/language/expressions/optional-chaining/iteration-statement-for-await-of.js-strict:true": "test/language/expressions/optional-chaining/iteration-statement-for-await-of.js: test/language/expressions/optional-chaining/iteration-statement-for-await-of.js: Line 19:7 Unexpected token await (and 9 more errors)",
  "test/language/expressions/optional-chaining/member-expression.js-strict:true": "test/language/expressions/optional-chaining/member-expression.js: SyntaxError: Async generators are not supported yet <at omitted>",
  "test/language/literals/regexp/S7.8.5_A1.1_T2.js-strict:true": "test/language/literals/regexp/S7.8.5_A1.1_T2.js: Test262Error: Code unit: d800 Expected SameValue(«\\ud800», «�») to be true <at omitted>",
  "test/language/literals/regexp/S7.8.5_A1.4_T2.js-strict:true": "test/language/literals/regexp/S7.8.5_A1.4_T2.js: Test262Error: Code unit: d800 Expected SameValue(«\\\\\\ud800», «\\�») to be true <at omitted>",
  "test/language/literals/regexp/S7.8.5_A2.1_T2.js-strict:true": "test/language/literals/regexp/S7.8.5_A2.1_T2.js: Test262Error: Code unit: d800 Expected SameValue(«nnnn\\ud800», «nnnn�») to be true <at omitted>",
  "test/language/literals/regexp/S7.8.5_A2.4_T2.js-strict:true": "test/language/literals/regexp/S7.8.5_A2.4_T2.js: Test262Error: Code unit: d800 Expected SameValue(«a\\\\\\ud800», «a\\�») to be true <at omitted>",
  "test/language/literals/regexp/invalid-optional-lookbehind.js-strict:true": "test/language/literals/regexp/invalid-optional-lookbehind.js: error is not an object (Test262: This statement should not be evaluated.)",
  "test/language/literals/regexp/invalid-optional-negative-lookbehind.js-strict:true": "test/language/literals/regexp/invalid-optional-negative-lookbehind.js: error is not an object (Test262: This statement should not be evaluated.)",
  "test/language/literals/regexp/invalid-range-lookbehind.js-strict:true": "test/language/literals/regexp/invalid-range-lookbehind.js: error is not an object (Test262: This statement should not be evaluated.)",
  "test/language/literals/regexp/invalid-range-negative-lookbehind.js-strict:true": "test/language/literals/regexp/invalid-range-negative-lookbehind.js: error is not an object (Test262: This statement should not be evaluated.)",
  "test/language/literals/regexp/u-case-mapping.js-strict:true": "test/language/literals/regexp/u-case-mapping.js: Test262Error: Case mapping is not applied in the absence of the `u` flag Expected SameValue(«true», «false») to be true <at omitted>",
  "test/language/literals/regexp/u-invalid-class-escape.js-strict:true": "test/language/literals/regexp/u-invalid-class-escape.js: error is not an object (Test262: This statement should not be evaluated.)",
  "test/language/literals/regexp/u-invalid-extended-pattern-char.js-strict:true": "test/language/literals/regexp/u-invalid-extended-pattern-char.js: error is not an object (Test262: This statement should not be evaluated.)",
  "test/language/literals/regexp/u-invalid-identity-escape.js-strict:true": "test/language/literals/regexp/u-invalid-identity-escape.js: error is not an object (Test262: This statement should not be evaluated.)",
  "test/language/literals/regexp/u-invalid-legacy-octal-escape.js-strict:true": "test/language/literals/regexp/u-invalid-legacy-octal-escape.js: error is not an object (Test262: This statement should not be evaluated.)",
  "test/language/literals/regexp/u-invalid-non-empty-class-ranges-no-dash-a.js-strict:true": "test/language/literals/regexp/u-invalid-non-empty-class-ranges-no-dash-a.js: error is not an object (Test262: This statement should not be evaluated.)",
  "test/language/literals/regexp/u-invalid-oob-decimal-escape.js-strict:true": "test/language/literals/regexp/u-invalid-oob-decimal-escape.js: error is not an object (Test262: This statement should not be evaluated.)",
  "test/language/literals/regexp/u-invalid-optional-lookahead.js-strict:true": "test/language/literals/regexp/u-invalid-optional-lookahead.js: error is not an object (Test262: This statement should not be evaluated.)",
  "test/language/literals/regexp/u-invalid-optional-lookbehind.js-strict:true": "test/language/literals/regexp/u-invalid-optional-lookbehind.js: error is not an object (Test262: This statement should not be evaluated.)",
  "test/language/literals/regexp/u-invalid-optional-negative-lookahead.js-strict:true": "test/language/literals/regexp/u-invalid-optional-negative-lookahead.js: error is not an object (Test262: This statement should not be evaluated.)",
  "test/language/literals/regexp/u-invalid-optional-negative-lookbehind.js-strict:true": "test/language/literals/regexp/u-invalid-optional-negative-lookbehind.js: error is not an object (Test262: This statement should not be evaluated.)",
  "test/language/literals/regexp/u-invalid-range-lookahead.js-strict:true": "test/language/literals/regexp/u-invalid-range-lookahead.js: error is not an object (Test262: This statement should not be evaluated.)",
  "test/language/literals/regexp/u-invalid-range-lookbehind.js-strict:true": "test/language/literals/regexp/u-invalid-range-lookbehind.js: error is not an object (Test262: This statement should not be evaluated.)",
  "test/language/literals/regexp/u-invalid-range-negative-lookahead.js-strict:true": "test/language/literals/regexp/u-invalid-range-negative-lookahead.js: error is not an object (Test262: This statement should not be evaluated.)",
  "test/language/literals/regexp/u-invalid-range-negative-lookbehind.js-strict:true": "test/language/literals/regexp/u-invalid-range-negative-lookbehind.js: error is not an object (Test262: This statement should not be evaluated.)",
  "test/language/literals/regexp/u-unicode-esc-non-hex.js-strict:true": "test/language/literals/regexp/u-unicode-esc-non-hex.js: error is not an object (Test262: This statement should not be evaluated.)",
  "test/language/literals/string/S7.8.4_A4.3_T1.js-strict:true": "test/language/literals/string/S7.8.4_A4.3_T1.js: error is not an object (Test262: This statement should not be evaluated.)",
  "test/language/literals/string/S7.8.4_A4.3_T2.js-strict:true": "test/language/literals/string/S7.8.4_A4.3_T2.js: error is not an object (Test262: This statement should not be evaluated.)",
  "test/language/module-code/comment-multi-line-html-close.js-strict:true": "test/language/module-code/comment-multi-line-html-close.js: error is not an object (Test262: This statement should not be evaluated.)",
  "test/language/module-code/comment-single-line-html-close.js-strict:true": "test/language/module-code/comment-single-line-html-close.js: error is not an object (Test262: This statement should not be evaluated.)",
  "test/language/module-code/comment-single-line-html-open.js-strict:true": "test/language/module-code/comment-single-line-html-open.js: error is not an object (Test262: This statement should not be evaluated.)",
  "test/language/module-code/early-dup-top-function.js-strict:true": "test/language/module-code/early-dup-top-function.js: error is not an object (Test262: This statement should not be evaluated.)",
  "test/language/module-code/early-new-target.js-strict:true": "test/language/module-code/early-new-target.js: error is not an object (Test262: This statement should not be evaluated.)",
  "test/language/module-code/eval-export-dflt-cls-anon.js-strict:true": "test/language/module-code/eval-export-dflt-cls-anon.js: Test262Error: correct name is assigned Expected SameValue(«eval_export_dflt_cls_anon_default», «default») to be true <at omitted>",
  "test/language/module-code/eval-export-dflt-expr-cls-anon.js-strict:true": "test/language/module-code/eval-export-dflt-expr-cls-anon.js: Test262Error: correct name is assigned Expected SameValue(«eval_export_dflt_expr_cls_anon_default», «default») to be true <at omitted>",
  "test/language/module-code/eval-export-dflt-expr-fn-anon.js-strict:true": "test/language/module-code/eval-export-dflt-expr-fn-anon.js: Test262Error: correct name is assigned Expected SameValue(«eval_export_dflt_expr_fn_anon_default», «default») to be true <at omitted>",
  "test/language/module-code/eval-export-dflt-expr-gen-anon.js-strict:true": "test/language/module-code/eval-export-dflt-expr-gen-anon.js: Test262Error: correct name is assigned Expected SameValue(«eval_export_dflt_expr_gen_anon_default», «default») to be true <at omitted>",
  "test/language/module-code/eval-self-once.js-strict:true": "test/language/module-code/eval-self-once.js: Test262Error: global property initially unset Expected SameValue(«262», «undefined») to be true <at omitted>",
  "test/language/module-code/eval-this.js-strict:true": "test/language/module-code/eval-this.js: Test262Error: Expected SameValue(«[object Object]», «undefined») to be true <at omitted>",
  "test/language/module-code/export-default-asyncgenerator-declaration-binding.js-strict:true": "test/language/module-code/export-default-asyncgenerator-declaration-binding.js: SyntaxError: Async generators are not supported yet <at omitted>",
  "test/language/module-code/export-expname-binding-index.js-strict:true": "test/language/module-code/export-expname-binding-index.js: Test262Error: Expected a TypeError to be thrown but no exception was thrown at all <at omitted>",
  "test/language/module-code/export-expname-from-star.js-strict:true": "test/language/module-code/export-expname-from-star.js: Test262Error: Expected SameValue(«undefined», «function Mercury() {\n}») to be true <at omitted>",
  "test/language/module-code/instn-iee-bndng-cls.js-strict:true": "test/language/module-code/instn-iee-bndng-cls.js: Test262Error: binding is created but not initialized Expected a ReferenceError but got a TypeError <at omitted>",
  "test/language/module-code/instn-iee-bndng-const.js-strict:true": "test/language/module-code/instn-iee-bndng-const.js: Test262Error: binding is created but not initialized Expected a ReferenceError but got a TypeError <at omitted>",
  "test/language/module-code/instn-iee-bndng-fun.js-strict:true": "test/language/module-code/instn-iee-bndng-fun.js: TypeError: Cannot read property 'A' of undefined <at omitted>",
  "test/language/module-code/instn-iee-bndng-gen.js-strict:true": "test/language/module-code/instn-iee-bndng-gen.js: TypeError: Cannot read property 'A' of undefined <at omitted>",
  "test/language/module-code/instn-iee-bndng-let.js-strict:true": "test/language/module-code/instn-iee-bndng-let.js: Test262Error: binding is created but not initialized Expected a ReferenceError but got a TypeError <at omitted>",
  "test/language/module-code/instn-iee-bndng-var.js-strict:true": "test/language/module-code/instn-iee-bndng-var.js: TypeError: Cannot read property 'A' of undefined <at omitted>",
  "test/language/module-code/instn-iee-err-ambiguous-as.js-strict:true": "test/language/module-code/instn-iee-err-ambiguous-as.js: Expected error: <nil>",
  "test/language/module-code/instn-iee-err-ambiguous.js-strict:true": "test/language/module-code/instn-iee-err-ambiguous.js: Expected error: <nil>",
  "test/language/module-code/instn-iee-err-circular-as.js-strict:true": "test/language/module-code/instn-iee-err-circular-as.js: Expected error: <nil>",
  "test/language/module-code/instn-iee-err-circular.js-strict:true": "test/language/module-code/instn-iee-err-circular.js: Expected error: <nil>",
  "test/language/module-code/instn-iee-err-dflt-thru-star-as.js-strict:true": "test/language/module-code/instn-iee-err-dflt-thru-star-as.js: Expected error: <nil>",
  "test/language/module-code/instn-iee-err-dflt-thru-star.js-strict:true": "test/language/module-code/instn-iee-err-dflt-thru-star.js: Expected error: <nil>",
  "test/language/module-code/instn-iee-err-not-found-as.js-strict:true": "test/language/module-code/instn-iee-err-not-found-as.js: Expected error: <nil>",
  "test/language/module-code/instn-iee-err-not-found.js-strict:true": "test/language/module-code/instn-iee-err-not-found.js: Expected error: <nil>",
  "test/language/module-code/instn-named-bndng-cls.js-strict:true": "test/language/module-code/instn-named-bndng-cls.js: Test262Error: binding is created but not initialized Expected a ReferenceError to be thrown but no exception was thrown at all <at omitted>",
  "test/language/module-code/instn-named-bndng-const.js-strict:true": "test/language/module-code/instn-named-bndng-const.js: Test262Error: binding is created but not initialized Expected a ReferenceError to be thrown but no exception was thrown at all <at omitted>",
  "test/language/module-code/instn-named-bndng-dflt-cls.js-strict:true": "test/language/module-code/instn-named-bndng-dflt-cls.js: Test262Error: Binding is created but not initialized. Expected a ReferenceError to be thrown but no exception was thrown at all <at omitted>",
  "test/language/module-code/instn-named-bndng-dflt-expr.js-strict:true": "test/language/module-code/instn-named-bndng-dflt-expr.js: Test262Error: binding is created but not initialized Expected a ReferenceError to be thrown but no exception was thrown at all <at omitted>",
  "test/language/module-code/instn-named-bndng-dflt-fun-anon.js-strict:true": "test/language/module-code/instn-named-bndng-dflt-fun-anon.js: Test262Error: correct name is assigned Expected SameValue(«instn_named_bndng_dflt_fun_anon_default», «default») to be true <at omitted>",
  "test/language/module-code/instn-named-bndng-dflt-gen-anon.js-strict:true": "test/language/module-code/instn-named-bndng-dflt-gen-anon.js: Test262Error: correct name is assigned Expected SameValue(«instn_named_bndng_dflt_gen_anon_default», «default») to be true <at omitted>",
  "test/language/module-code/instn-named-bndng-dflt-named.js-strict:true": "test/language/module-code/instn-named-bndng-dflt-named.js: Test262Error: Expected a ReferenceError to be thrown but no exception was thrown at all <at omitted>",
  "test/language/module-code/instn-named-bndng-dflt-star.js-strict:true": "test/language/module-code/instn-named-bndng-dflt-star.js: Test262Error: Expected a ReferenceError to be thrown but no exception was thrown at all <at omitted>",
  "test/language/module-code/instn-named-bndng-fun.js-strict:true": "test/language/module-code/instn-named-bndng-fun.js: Test262Error: binding rejects assignment Expected a TypeError to be thrown but no exception was thrown at all <at omitted>",
  "test/language/module-code/instn-named-bndng-gen.js-strict:true": "test/language/module-code/instn-named-bndng-gen.js: Test262Error: binding rejects assignment Expected a TypeError to be thrown but no exception was thrown at all <at omitted>",
  "test/language/module-code/instn-named-bndng-let.js-strict:true": "test/language/module-code/instn-named-bndng-let.js: Test262Error: binding is created but not initialized Expected a ReferenceError to be thrown but no exception was thrown at all <at omitted>",
  "test/language/module-code/instn-named-bndng-trlng-comma.js-strict:true": "test/language/module-code/instn-named-bndng-trlng-comma.js: Test262Error: binding rejects assignment Expected a TypeError to be thrown but no exception was thrown at all <at omitted>",
  "test/language/module-code/instn-named-bndng-var.js-strict:true": "test/language/module-code/instn-named-bndng-var.js: Test262Error: binding rejects assignment Expected a TypeError to be thrown but no exception was thrown at all <at omitted>",
  "test/language/module-code/instn-named-err-ambiguous-as.js-strict:true": "test/language/module-code/instn-named-err-ambiguous-as.js: Expected error: <nil>",
  "test/language/module-code/instn-named-err-ambiguous.js-strict:true": "test/language/module-code/instn-named-err-ambiguous.js: Expected error: <nil>",
  "test/language/module-code/instn-named-err-dflt-thru-star-as.js-strict:true": "test/language/module-code/instn-named-err-dflt-thru-star-as.js: Expected error: <nil>",
  "test/language/module-code/instn-named-err-dflt-thru-star-dflt.js-strict:true": "test/language/module-code/instn-named-err-dflt-thru-star-dflt.js: Expected error: <nil>",
  "test/language/module-code/instn-named-err-not-found-as.js-strict:true": "test/language/module-code/instn-named-err-not-found-as.js: Expected error: <nil>",
  "test/language/module-code/instn-named-err-not-found-dflt.js-strict:true": "test/language/module-code/instn-named-err-not-found-dflt.js: Expected error: <nil>",
  "test/language/module-code/instn-named-err-not-found.js-strict:true": "test/language/module-code/instn-named-err-not-found.js: Expected error: <nil>",
  "test/language/module-code/instn-named-iee-cycle.js-strict:true": "test/language/module-code/instn-named-iee-cycle.js: TypeError: Cannot read property 'b' of undefined <at omitted>",
  "test/language/module-code/instn-resolve-empty-export.js-strict:true": "test/language/module-code/instn-resolve-empty-export.js: unexpected error type (GoError), expected (SyntaxError)",
  "test/language/module-code/instn-resolve-empty-import.js-strict:true": "test/language/module-code/instn-resolve-empty-import.js: unexpected error type (GoError), expected (SyntaxError)",
  "test/language/module-code/instn-resolve-err-syntax-1.js-strict:true": "test/language/module-code/instn-resolve-err-syntax-1.js: unexpected error type (GoError), expected (SyntaxError)",
  "test/language/module-code/instn-resolve-err-syntax-2.js-strict:true": "test/language/module-code/instn-resolve-err-syntax-2.js: unexpected error type (GoError), expected (SyntaxError)",
  "test/language/module-code/instn-resolve-order-depth.js-strict:true": "test/language/module-code/instn-resolve-order-depth.js: unexpected error type (GoError), expected (SyntaxError)",
  "test/language/module-code/instn-resolve-order-src.js-strict:true": "test/language/module-code/instn-resolve-order-src.js: unexpected error type (GoError), expected (SyntaxError)",
  "test/language/module-code/instn-star-ambiguous.js-strict:true": "test/language/module-code/instn-star-ambiguous.js: Test262Error: Ambiguous export is not present Expected SameValue(«true», «false») to be true <at omitted>",
  "test/language/module-code/instn-star-binding.js-strict:true": "test/language/module-code/instn-star-binding.js: Test262Error: binding rejects assignment Expected a TypeError to be thrown but no exception was thrown at all <at omitted>",
  "test/language/module-code/instn-star-equality.js-strict:true": "test/language/module-code/instn-star-equality.js: Test262Error: Local namespace objects from consecutive declarations Expected SameValue(«[object Object]», «[object Object]») to be true <at omitted>",
  "test/language/module-code/instn-star-err-not-found.js-strict:true": "test/language/module-code/instn-star-err-not-found.js: Expected error: <nil>",
  "test/language/module-code/instn-star-iee-cycle.js-strict:true": "test/language/module-code/instn-star-iee-cycle.js: TypeError: Cannot read property 'b' of undefined <at omitted>",
  "test/language/module-code/namespace/Symbol.toStringTag.js-strict:true": "test/language/module-code/namespace/Symbol.toStringTag.js: Test262Error: Expected SameValue(«undefined», «Module») to be true <at omitted>",
  "test/language/module-code/namespace/internals/define-own-property.js-strict:true": "test/language/module-code/namespace/internals/define-own-property.js: Test262Error: Reflect.defineProperty: local2 Expected SameValue(«true», «false») to be true <at omitted>",
  "test/language/module-code/namespace/internals/delete-exported-init.js-strict:true": "test/language/module-code/namespace/internals/delete-exported-init.js: Test262Error: delete: local1 Expected a TypeError to be thrown but no exception was thrown at all <at omitted>",
  "test/language/module-code/namespace/internals/delete-exported-uninit.js-strict:true": "test/language/module-code/namespace/internals/delete-exported-uninit.js: Test262Error: delete: local1 Expected a TypeError to be thrown but no exception was thrown at all <at omitted>",
  "test/language/module-code/namespace/internals/delete-non-exported.js-strict:true": "test/language/module-code/namespace/internals/delete-non-exported.js: Test262Error: delete: default <at omitted>",
  "test/language/module-code/namespace/internals/enumerate-binding-uninit.js-strict:true": "test/language/module-code/namespace/internals/enumerate-binding-uninit.js: Test262Error: Expected a ReferenceError but got a Test262Error <at omitted>",
  "test/language/module-code/namespace/internals/get-own-property-str-found-init.js-strict:true": "test/language/module-code/namespace/internals/get-own-property-str-found-init.js: Test262Error: Expected SameValue(«undefined», «201») to be true <at omitted>",
  "test/language/module-code/namespace/internals/get-own-property-str-found-uninit.js-strict:true": "test/language/module-code/namespace/internals/get-own-property-str-found-uninit.js: Test262Error: hasOwnProperty: local1 Expected a ReferenceError to be thrown but no exception was thrown at all <at omitted>",
  "test/language/module-code/namespace/internals/get-own-property-sym.js-strict:true": "test/language/module-code/namespace/internals/get-own-property-sym.js: Test262Error: Expected SameValue(«false», «true») to be true <at omitted>",
  "test/language/module-code/namespace/internals/get-prototype-of.js-strict:true": "test/language/module-code/namespace/internals/get-prototype-of.js: Test262Error: Expected SameValue(«true», «false») to be true <at omitted>",
  "test/language/module-code/namespace/internals/get-str-found-uninit.js-strict:true": "test/language/module-code/namespace/internals/get-str-found-uninit.js: Test262Error: Expected a ReferenceError to be thrown but no exception was thrown at all <at omitted>",
  "test/language/module-code/namespace/internals/get-str-not-found.js-strict:true": "test/language/module-code/namespace/internals/get-str-not-found.js: Test262Error: key: __proto__ Expected SameValue(«[object Object]», «undefined») to be true <at omitted>",
  "test/language/module-code/namespace/internals/get-sym-found.js-strict:true": "test/language/module-code/namespace/internals/get-sym-found.js: Test262Error: Expected SameValue(«undefined», «string») to be true <at omitted>",
  "test/language/module-code/namespace/internals/has-property-str-not-found.js-strict:true": "test/language/module-code/namespace/internals/has-property-str-not-found.js: Test262Error: in: __proto__ Expected SameValue(«true», «false») to be true <at omitted>",
  "test/language/module-code/namespace/internals/has-property-sym-found.js-strict:true": "test/language/module-code/namespace/internals/has-property-sym-found.js: Test262Error: in: Symbol.toStringTag <at omitted>",
  "test/language/module-code/namespace/internals/is-extensible.js-strict:true": "test/language/module-code/namespace/internals/is-extensible.js: Test262Error: Expected SameValue(«true», «false») to be true <at omitted>",
  "test/language/module-code/namespace/internals/object-hasOwnProperty-binding-uninit.js-strict:true": "test/language/module-code/namespace/internals/object-hasOwnProperty-binding-uninit.js: Test262Error: Expected a ReferenceError to be thrown but no exception was thrown at all <at omitted>",
  "test/language/module-code/namespace/internals/object-keys-binding-uninit.js-strict:true": "test/language/module-code/namespace/internals/object-keys-binding-uninit.js: Test262Error: Expected a ReferenceError to be thrown but no exception was thrown at all <at omitted>",
  "test/language/module-code/namespace/internals/object-propertyIsEnumerable-binding-uninit.js-strict:true": "test/language/module-code/namespace/internals/object-propertyIsEnumerable-binding-uninit.js: Test262Error: Expected a ReferenceError to be thrown but no exception was thrown at all <at omitted>",
  "test/language/module-code/namespace/internals/own-property-keys-binding-types.js-strict:true": "test/language/module-code/namespace/internals/own-property-keys-binding-types.js: Test262Error: Expected SameValue(«8», «10») to be true <at omitted>",
  "test/language/module-code/namespace/internals/own-property-keys-sort.js-strict:true": "test/language/module-code/namespace/internals/own-property-keys-sort.js: Test262Error: Expected SameValue(«17», «16») to be true <at omitted>",
  "test/language/module-code/namespace/internals/set-prototype-of.js-strict:true": "test/language/module-code/namespace/internals/set-prototype-of.js: Test262Error: Expected a TypeError to be thrown but no exception was thrown at all <at omitted>",
  "test/language/module-code/namespace/internals/set.js-strict:true": "test/language/module-code/namespace/internals/set.js: Test262Error: AssignmentExpression: local1 Expected a TypeError to be thrown but no exception was thrown at all <at omitted>",
  "test/language/module-code/parse-err-hoist-lex-fun.js-strict:true": "test/language/module-code/parse-err-hoist-lex-fun.js: error is not an object (Test262: This statement should not be evaluated.)",
  "test/language/module-code/parse-err-return.js-strict:true": "test/language/module-code/parse-err-return.js: error is not an object (Test262: This statement should not be evaluated.)",
  "test/language/reserved-words/await-module.js-strict:true": "test/language/reserved-words/await-module.js: error is not an object (Test262: This statement should not be evaluated.)",
  "test/language/statements/class/class-name-ident-await-escaped-module.js-strict:true": "test/language/statements/class/class-name-ident-await-escaped-module.js: error is not an object (Test262: This statement should not be evaluated.)",
  "test/language/statements/class/class-name-ident-await-module.js-strict:true": "test/language/statements/class/class-name-ident-await-module.js: error is not an object (Test262: This statement should not be evaluated.)",
  "test/language/statements/class/elements/private-getter-is-not-a-own-property.js-strict:true": "test/language/statements/class/elements/private-getter-is-not-a-own-property.js: TypeError: Object has no member '__lookupGetter__' <at omitted>",
  "test/language/statements/class/elements/private-setter-is-not-a-own-property.js-strict:true": "test/language/statements/class/elements/private-setter-is-not-a-own-property.js: TypeError: Object has no member '__lookupSetter__' <at omitted>",
  "test/language/statements/labeled/value-await-module-escaped.js-strict:true": "test/language/statements/labeled/value-await-module-escaped.js: error is not an object (Test262: This statement should not be evaluated.)",
  "test/language/statements/labeled/value-await-module.js-strict:true": "test/language/statements/labeled/value-await-module.js: error is not an object (Test262: This statement should not be evaluated.)"
}
