{
  "test/annexB/built-ins/Function/createdynfn-html-close-comment-body.js-strict:true": "test/annexB/built-ins/Function/createdynfn-html-close-comment-body.js: SyntaxError: SyntaxError: <eval>: Line 4:3 Unexpected token > (and 3 more errors) <at omitted>",
  "test/annexB/built-ins/Function/createdynfn-html-close-comment-params.js-strict:true": "test/annexB/built-ins/Function/createdynfn-html-close-comment-params.js: SyntaxError: SyntaxError: <eval>: Line 2:1 Unexpected token -- (and 5 more errors) <at omitted>",
  "test/annexB/built-ins/Function/createdynfn-html-open-comment-body.js-strict:true": "test/annexB/built-ins/Function/createdynfn-html-open-comment-body.js: SyntaxError: SyntaxError: <eval>: Line 3:1 Unexpected token < (and 2 more errors) <at omitted>",
  "test/annexB/built-ins/Function/createdynfn-html-open-comment-params.js-strict:true": "test/annexB/built-ins/Function/createdynfn-html-open-comment-params.js: SyntaxError: SyntaxError: <eval>: Line 1:21 Unexpected token < (and 5 more errors) <at omitted>",
  "test/annexB/built-ins/Function/createdynfn-no-line-terminator-html-close-comment-body.js-strict:true": "test/annexB/built-ins/Function/createdynfn-no-line-terminator-html-close-comment-body.js: SyntaxError: SyntaxError: <eval>: Line 3:3 Unexpected token > (and 3 more errors) <at omitted>",
  "test/annexB/built-ins/RegExp/RegExp-leading-escape-BMP.js-strict:true": "test/annexB/built-ins/RegExp/RegExp-leading-escape-BMP.js: Test262Error: Code unit: d800 Expected SameValue(«\\\\\\ud800», «\\�») to be true <at omitted>",
  "test/annexB/built-ins/RegExp/RegExp-trailing-escape-BMP.js-strict:true": "test/annexB/built-ins/RegExp/RegExp-trailing-escape-BMP.js: Test262Error: Code unit: d800 Expected SameValue(«a\\\\\\ud800», «a\\�») to be true <at omitted>",
  "test/annexB/built-ins/RegExp/prototype/compile/pattern-string-invalid-u.js-strict:true": "test/annexB/built-ins/RegExp/prototype/compile/pattern-string-invalid-u.js: Test262Error: invalid pattern: { Expected a SyntaxError to be thrown but no exception was thrown at all <at omitted>",
  "test/built-ins/Date/UTC/fp-evaluation-order.js-strict:true": "test/built-ins/Date/UTC/fp-evaluation-order.js: Test262Error: order of operations / precision in MakeTime Expected SameValue(«29256», «29312») to be true <at omitted>",
  "test/built-ins/Function/internals/Construct/base-ctor-revoked-proxy.js-strict:true": "test/built-ins/Function/internals/Construct/base-ctor-revoked-proxy.js: Test262Error: Expected a TypeError to be thrown but no exception was thrown at all <at omitted>",
  "test/built-ins/Object/seal/seal-bigint64array.js-strict:true": "test/built-ins/Object/seal/seal-bigint64array.js: ReferenceError: BigInt64Array is not defined <at omitted>",
  "test/built-ins/Object/seal/seal-biguint64array.js-strict:true": "test/built-ins/Object/seal/seal-biguint64array.js: ReferenceError: BigUint64Array is not defined <at omitted>",
  "test/built-ins/Proxy/preventExtensions/trap-is-undefined-target-is-proxy.js-strict:true": "test/built-ins/Proxy/preventExtensions/trap-is-undefined-target-is-proxy.js: ReferenceError: ns is not defined <at omitted>",
  "test/built-ins/RegExp/quantifier-integer-limit.js-strict:true": "test/built-ins/RegExp/quantifier-integer-limit.js: SyntaxError: Invalid regular expression (re2): b{9007199254740991} (error parsing regexp: invalid repeat count: `{9007199254740991}`) <at omitted>",
  "test/built-ins/RegExp/unicode_restricted_brackets.js-strict:true": "test/built-ins/RegExp/unicode_restricted_brackets.js: Test262Error: RegExp(\"]\", \"u\"):  Expected a SyntaxError to be thrown but no exception was thrown at all <at omitted>",
  "test/built-ins/RegExp/unicode_restricted_character_class_escape.js-strict:true": "test/built-ins/RegExp/unicode_restricted_character_class_escape.js: Test262Error: RegExp(\"[\\d-a]\", \"u\"):  Expected a SyntaxError to be thrown but no exception was thrown at all <at omitted>",
  "test/built-ins/RegExp/unicode_restricted_identity_escape.js-strict:true": "test/built-ins/RegExp/unicode_restricted_identity_escape.js: Test262Error: Invalid IdentityEscape in AtomEscape: '\\\u0000' Expected a SyntaxError to be thrown but no exception was thrown at all <at omitted>",
  "test/built-ins/RegExp/unicode_restricted_identity_escape_alpha.js-strict:true": "test/built-ins/RegExp/unicode_restricted_identity_escape_alpha.js: Test262Error: IdentityEscape in AtomEscape: 'A' Expected a SyntaxError to be thrown but no exception was thrown at all <at omitted>",
  "test/built-ins/RegExp/unicode_restricted_identity_escape_c.js-strict:true": "test/built-ins/RegExp/unicode_restricted_identity_escape_c.js: Test262Error: Expected a SyntaxError to be thrown but no exception was thrown at all <at omitted>",
  "test/built-ins/RegExp/unicode_restricted_identity_escape_u.js-strict:true": "test/built-ins/RegExp/unicode_restricted_identity_escape_u.js: Test262Error: RegExp(\"\\u\", \"u\"):  Expected a SyntaxError to be thrown but no exception was thrown at all <at omitted>",
  "test/built-ins/RegExp/unicode_restricted_identity_escape_x.js-strict:true": "test/built-ins/RegExp/unicode_restricted_identity_escape_x.js: Test262Error: RegExp(\"\\x\", \"u\"):  Expected a SyntaxError to be thrown but no exception was thrown at all <at omitted>",
  "test/built-ins/RegExp/unicode_restricted_incomplete_quantifier.js-strict:true": "test/built-ins/RegExp/unicode_restricted_incomplete_quantifier.js: Test262Error: RegExp(\"a{\", \"u\"):  Expected a SyntaxError to be thrown but no exception was thrown at all <at omitted>",
  "test/built-ins/RegExp/unicode_restricted_octal_escape.js-strict:true": "test/built-ins/RegExp/unicode_restricted_octal_escape.js: Test262Error: RegExp(\"\\1\", \"u\"):  Expected a SyntaxError to be thrown but no exception was thrown at all <at omitted>",
  "test/built-ins/RegExp/unicode_restricted_quantifiable_assertion.js-strict:true": "test/built-ins/RegExp/unicode_restricted_quantifiable_assertion.js: Test262Error: RegExp(\"(?=.)*\", \"u\"):  Expected a SyntaxError to be thrown but no exception was thrown at all <at omitted>",
  "test/built-ins/TypedArrayConstructors/BigUint64Array/is-a-constructor.js-strict:true": "test/built-ins/TypedArrayConstructors/BigUint64Array/is-a-constructor.js: ReferenceError: BigUint64Array is not defined <at omitted>",
  "test/language/comments/hashbang/function-constructor.js-strict:true": "test/language/comments/hashbang/function-constructor.js: test/language/comments/hashbang/function-constructor.js: Line 15:30 Unexpected token function (and 5 more errors)",
  "test/language/destructuring/binding/syntax/destructuring-array-parameters-function-arguments-length.js-strict:true": "test/language/destructuring/binding/syntax/destructuring-array-parameters-function-arguments-length.js: test/language/destructuring/binding/syntax/destructuring-array-parameters-function-arguments-length.js: Line 32:28 Unexpected token * (and 7 more errors)",
  "test/language/destructuring/binding/syntax/destructuring-object-parameters-function-arguments-length.js-strict:true": "test/language/destructuring/binding/syntax/destructuring-object-parameters-function-arguments-length.js: test/language/destructuring/binding/syntax/destructuring-object-parameters-function-arguments-length.js: Line 32:28 Unexpected token * (and 7 more errors)",
  "test/language/expressions/assignment/fn-name-lhs-cover.js-strict:true": "test/language/expressions/assignment/fn-name-lhs-cover.js: Test262Error: descriptor value should be  <at omitted>",
  "test/language/expressions/class/cpn-class-expr-accessors-computed-property-name-from-integer-separators.js-strict:true": "test/language/expressions/class/cpn-class-expr-accessors-computed-property-name-from-integer-separators.js: test/language/expressions/class/cpn-class-expr-accessors-computed-property-name-from-integer-separators.js: Line 40:8 Unexpected token ILLEGAL (and 17 more errors)",
  "test/language/expressions/class/cpn-class-expr-computed-property-name-from-integer-separators.js-strict:true": "test/language/expressions/class/cpn-class-expr-computed-property-name-from-integer-separators.js: test/language/expressions/class/cpn-class-expr-computed-property-name-from-integer-separators.js: Line 40:4 Unexpected token ILLEGAL (and 7 more errors)",
  "test/language/expressions/class/cpn-class-expr-fields-computed-property-name-from-integer-separators.js-strict:true": "test/language/expressions/class/cpn-class-expr-fields-computed-property-name-from-integer-separators.js: test/language/expressions/class/cpn-class-expr-fields-computed-property-name-from-integer-separators.js: Line 40:4 Unexpected token ILLEGAL (and 4 more errors)",
  "test/language/expressions/class/cpn-class-expr-fields-methods-computed-property-name-from-integer-separators.js-strict:true": "test/language/expressions/class/cpn-class-expr-fields-methods-computed-property-name-from-integer-separators.js: test/language/expressions/class/cpn-class-expr-fields-methods-computed-property-name-from-integer-separators.js: Line 40:4 Unexpected token ILLEGAL (and 7 more errors)",
  "test/language/expressions/class/elements/private-getter-is-not-a-own-property.js-strict:true": "test/language/expressions/class/elements/private-getter-is-not-a-own-property.js: TypeError: Object has no member '__lookupGetter__' <at omitted>",
  "test/language/expressions/class/elements/private-setter-is-not-a-own-property.js-strict:true": "test/language/expressions/class/elements/private-setter-is-not-a-own-property.js: TypeError: Object has no member '__lookupSetter__' <at omitted>",
  "test/language/expressions/class/heritage-arrow-function.js-strict:true": "test/language/expressions/class/heritage-arrow-function.js: test/language/expressions/class/heritage-arrow-function.js: Line 30:26 Malformed arrow function parameter list (and 4 more errors)",
  "test/language/expressions/conditional/in-branch-1.js-strict:true": "test/language/expressions/conditional/in-branch-1.js: test/language/expressions/conditional/in-branch-1.js: Line 26:16 Unexpected token in (and 3 more errors)",
  "test/language/expressions/object/cpn-obj-lit-computed-property-name-from-integer-separators.js-strict:true": "test/language/expressions/object/cpn-obj-lit-computed-property-name-from-integer-separators.js: test/language/expressions/object/cpn-obj-lit-computed-property-name-from-integer-separators.js: Line 29:4 Unexpected token ILLEGAL (and 6 more errors)",
  "test/language/expressions/object/method-definition/object-method-returns-promise.js-strict:true": "test/language/expressions/object/method-definition/object-method-returns-promise.js: test/language/expressions/object/method-definition/object-method-returns-promise.js: Line 12:9 Unexpected identifier (and 3 more errors)",
  "test/language/expressions/optional-chaining/member-expression.js-strict:true": "test/language/expressions/optional-chaining/member-expression.js: test/language/expressions/optional-chaining/member-expression.js: Line 36:33 Unexpected token * (and 15 more errors)",
  "test/language/global-code/import.js-strict:true": "test/language/global-code/import.js: error is not an object (Test262: This statement should not be evaluated.)",
  "test/language/identifiers/part-unicode-14.0.0-class-escaped.js-strict:true": "test/language/identifiers/part-unicode-14.0.0-class-escaped.js: test/language/identifiers/part-unicode-14.0.0-class-escaped.js: Line 20:10 Unexpected token ILLEGAL (and 51 more errors)",
  "test/language/identifiers/part-unicode-14.0.0-class.js-strict:true": "test/language/identifiers/part-unicode-14.0.0-class.js: test/language/identifiers/part-unicode-14.0.0-class.js: Line 17:5 Unexpected token ILLEGAL (and 125 more errors)",
  "test/language/identifiers/part-unicode-14.0.0-escaped.js-strict:true": "test/language/identifiers/part-unicode-14.0.0-escaped.js: test/language/identifiers/part-unicode-14.0.0-escaped.js: Line 17:5 Unexpected token ILLEGAL (and 1 more errors)",
  "test/language/identifiers/part-unicode-14.0.0.js-strict:true": "test/language/identifiers/part-unicode-14.0.0.js: test/language/identifiers/part-unicode-14.0.0.js: Line 15:6 Unexpected token ILLEGAL (and 124 more errors)",
  "test/language/import/dup-bound-names.js-strict:true": "test/language/import/dup-bound-names.js: error is not an object (Test262: This statement should not be evaluated.)",
  "test/language/literals/numeric/non-octal-decimal-integer.js-strict:false": "test/language/literals/numeric/non-octal-decimal-integer.js: test/language/literals/numeric/non-octal-decimal-integer.js: Line 28:18 Unexpected token ILLEGAL (and 1 more errors)",
  "test/language/literals/regexp/S7.8.5_A1.1_T2.js-strict:true": "test/language/literals/regexp/S7.8.5_A1.1_T2.js: Test262Error: Code unit: d800 Expected SameValue(«\\ud800», «�») to be true <at omitted>",
  "test/language/literals/regexp/S7.8.5_A1.4_T2.js-strict:true": "test/language/literals/regexp/S7.8.5_A1.4_T2.js: Test262Error: Code unit: d800 Expected SameValue(«\\\\\\ud800», «\\�») to be true <at omitted>",
  "test/language/literals/regexp/S7.8.5_A2.1_T2.js-strict:true": "test/language/literals/regexp/S7.8.5_A2.1_T2.js: Test262Error: Code unit: d800 Expected SameValue(«nnnn\\ud800», «nnnn�») to be true <at omitted>",
  "test/language/literals/regexp/S7.8.5_A2.4_T2.js-strict:true": "test/language/literals/regexp/S7.8.5_A2.4_T2.js: Test262Error: Code unit: d800 Expected SameValue(«a\\\\\\ud800», «a\\�») to be true <at omitted>",
  "test/language/literals/regexp/invalid-optional-lookbehind.js-strict:true": "test/language/literals/regexp/invalid-optional-lookbehind.js: error is not an object (Test262: This statement should not be evaluated.)",
  "test/language/literals/regexp/invalid-optional-negative-lookbehind.js-strict:true": "test/language/literals/regexp/invalid-optional-negative-lookbehind.js: error is not an object (Test262: This statement should not be evaluated.)",
  "test/language/literals/regexp/invalid-range-lookbehind.js-strict:true": "test/language/literals/regexp/invalid-range-lookbehind.js: error is not an object (Test262: This statement should not be evaluated.)",
  "test/language/literals/regexp/invalid-range-negative-lookbehind.js-strict:true": "test/language/literals/regexp/invalid-range-negative-lookbehind.js: error is not an object (Test262: This statement should not be evaluated.)",
  "test/language/literals/regexp/u-case-mapping.js-strict:true": "test/language/literals/regexp/u-case-mapping.js: Test262Error: Case mapping is not applied in the absence of the `u` flag Expected SameValue(«true», «false») to be true <at omitted>",
  "test/language/literals/regexp/u-invalid-class-escape.js-strict:true": "test/language/literals/regexp/u-invalid-class-escape.js: error is not an object (Test262: This statement should not be evaluated.)",
  "test/language/literals/regexp/u-invalid-extended-pattern-char.js-strict:true": "test/language/literals/regexp/u-invalid-extended-pattern-char.js: error is not an object (Test262: This statement should not be evaluated.)",
  "test/language/literals/regexp/u-invalid-identity-escape.js-strict:true": "test/language/literals/regexp/u-invalid-identity-escape.js: error is not an object (Test262: This statement should not be evaluated.)",
  "test/language/literals/regexp/u-invalid-legacy-octal-escape.js-strict:true": "test/language/literals/regexp/u-invalid-legacy-octal-escape.js: error is not an object (Test262: This statement should not be evaluated.)",
  "test/language/literals/regexp/u-invalid-non-empty-class-ranges-no-dash-a.js-strict:true": "test/language/literals/regexp/u-invalid-non-empty-class-ranges-no-dash-a.js: error is not an object (Test262: This statement should not be evaluated.)",
  "test/language/literals/regexp/u-invalid-oob-decimal-escape.js-strict:true": "test/language/literals/regexp/u-invalid-oob-decimal-escape.js: error is not an object (Test262: This statement should not be evaluated.)",
  "test/language/literals/regexp/u-invalid-optional-lookahead.js-strict:true": "test/language/literals/regexp/u-invalid-optional-lookahead.js: error is not an object (Test262: This statement should not be evaluated.)",
  "test/language/literals/regexp/u-invalid-optional-lookbehind.js-strict:true": "test/language/literals/regexp/u-invalid-optional-lookbehind.js: error is not an object (Test262: This statement should not be evaluated.)",
  "test/language/literals/regexp/u-invalid-optional-negative-lookahead.js-strict:true": "test/language/literals/regexp/u-invalid-optional-negative-lookahead.js: error is not an object (Test262: This statement should not be evaluated.)",
  "test/language/literals/regexp/u-invalid-optional-negative-lookbehind.js-strict:true": "test/language/literals/regexp/u-invalid-optional-negative-lookbehind.js: error is not an object (Test262: This statement should not be evaluated.)",
  "test/language/literals/regexp/u-invalid-range-lookahead.js-strict:true": "test/language/literals/regexp/u-invalid-range-lookahead.js: error is not an object (Test262: This statement should not be evaluated.)",
  "test/language/literals/regexp/u-invalid-range-lookbehind.js-strict:true": "test/language/literals/regexp/u-invalid-range-lookbehind.js: error is not an object (Test262: This statement should not be evaluated.)",
  "test/language/literals/regexp/u-invalid-range-negative-lookahead.js-strict:true": "test/language/literals/regexp/u-invalid-range-negative-lookahead.js: error is not an object (Test262: This statement should not be evaluated.)",
  "test/language/literals/regexp/u-invalid-range-negative-lookbehind.js-strict:true": "test/language/literals/regexp/u-invalid-range-negative-lookbehind.js: error is not an object (Test262: This statement should not be evaluated.)",
  "test/language/literals/regexp/u-unicode-esc-non-hex.js-strict:true": "test/language/literals/regexp/u-unicode-esc-non-hex.js: error is not an object (Test262: This statement should not be evaluated.)",
  "test/language/literals/string/S7.8.4_A4.3_T1.js-strict:true": "test/language/literals/string/S7.8.4_A4.3_T1.js: error is not an object (Test262: This statement should not be evaluated.)",
  "test/language/literals/string/S7.8.4_A4.3_T2.js-strict:true": "test/language/literals/string/S7.8.4_A4.3_T2.js: error is not an object (Test262: This statement should not be evaluated.)",
  "test/language/statements/class/cpn-class-decl-accessors-computed-property-name-from-integer-separators.js-strict:true": "test/language/statements/class/cpn-class-decl-accessors-computed-property-name-from-integer-separators.js: test/language/statements/class/cpn-class-decl-accessors-computed-property-name-from-integer-separators.js: Line 40:8 Unexpected token ILLEGAL (and 16 more errors)",
  "test/language/statements/class/cpn-class-decl-computed-property-name-from-integer-separators.js-strict:true": "test/language/statements/class/cpn-class-decl-computed-property-name-from-integer-separators.js: test/language/statements/class/cpn-class-decl-computed-property-name-from-integer-separators.js: Line 40:4 Unexpected token ILLEGAL (and 6 more errors)",
  "test/language/statements/class/cpn-class-decl-fields-computed-property-name-from-integer-separators.js-strict:true": "test/language/statements/class/cpn-class-decl-fields-computed-property-name-from-integer-separators.js: test/language/statements/class/cpn-class-decl-fields-computed-property-name-from-integer-separators.js: Line 40:4 Unexpected token ILLEGAL (and 4 more errors)",
  "test/language/statements/class/cpn-class-decl-fields-methods-computed-property-name-from-integer-separators.js-strict:true": "test/language/statements/class/cpn-class-decl-fields-methods-computed-property-name-from-integer-separators.js: test/language/statements/class/cpn-class-decl-fields-methods-computed-property-name-from-integer-separators.js: Line 40:4 Unexpected token ILLEGAL (and 7 more errors)",
  "test/language/statements/class/elements/private-getter-is-not-a-own-property.js-strict:true": "test/language/statements/class/elements/private-getter-is-not-a-own-property.js: TypeError: Object has no member '__lookupGetter__' <at omitted>",
  "test/language/statements/class/elements/private-setter-is-not-a-own-property.js-strict:true": "test/language/statements/class/elements/private-setter-is-not-a-own-property.js: TypeError: Object has no member '__lookupSetter__' <at omitted>",
  "test/language/statements/class/static-init-arguments-functions.js-strict:true": "test/language/statements/class/static-init-arguments-functions.js: test/language/statements/class/static-init-arguments-functions.js: Line 26:15 Unexpected token * (and 8 more errors)",
  "test/language/statements/class/static-init-arguments-methods.js-strict:true": "test/language/statements/class/static-init-arguments-methods.js: test/language/statements/class/static-init-arguments-methods.js: Line 35:8 Unexpected token * (and 5 more errors)"
}
