{
  "test/annexB/built-ins/Function/createdynfn-html-close-comment-body.js-strict:true": "test/annexB/built-ins/Function/createdynfn-html-close-comment-body.js: SyntaxError: SyntaxError: <eval>: Line 4:3 Unexpected token > (and 3 more errors) <at omitted>",
  "test/annexB/built-ins/Function/createdynfn-html-close-comment-params.js-strict:true": "test/annexB/built-ins/Function/createdynfn-html-close-comment-params.js: SyntaxError: SyntaxError: <eval>: Line 2:1 Unexpected token -- (and 5 more errors) <at omitted>",
  "test/annexB/built-ins/Function/createdynfn-html-open-comment-body.js-strict:true": "test/annexB/built-ins/Function/createdynfn-html-open-comment-body.js: SyntaxError: SyntaxError: <eval>: Line 3:1 Unexpected token < (and 2 more errors) <at omitted>",
  "test/annexB/built-ins/Function/createdynfn-html-open-comment-params.js-strict:true": "test/annexB/built-ins/Function/createdynfn-html-open-comment-params.js: SyntaxError: SyntaxError: <eval>: Line 1:21 Unexpected token < (and 5 more errors) <at omitted>",
  "test/annexB/built-ins/Function/createdynfn-no-line-terminator-html-close-comment-body.js-strict:true": "test/annexB/built-ins/Function/createdynfn-no-line-terminator-html-close-comment-body.js: SyntaxError: SyntaxError: <eval>: Line 3:3 Unexpected token > (and 3 more errors) <at omitted>",
  "test/annexB/built-ins/RegExp/RegExp-control-escape-russian-letter.js-strict:true": "test/annexB/built-ins/RegExp/RegExp-control-escape-russian-letter.js: Test262Error: invalid \\c escape matched c rather than \\c when followed by А Expected SameValue(«cА», «null») to be true <at omitted>",
  "test/annexB/built-ins/RegExp/RegExp-invalid-control-escape-character-class.js-strict:true": "test/annexB/built-ins/RegExp/RegExp-invalid-control-escape-character-class.js: Test262Error: Character \\ missing from character class [\\c\u0000] <at omitted>",
  "test/annexB/built-ins/RegExp/RegExp-leading-escape-BMP.js-strict:true": "test/annexB/built-ins/RegExp/RegExp-leading-escape-BMP.js: Test262Error: Code unit: d800 Expected SameValue(«\\\\\\ud800», «\\�») to be true <at omitted>",
  "test/annexB/built-ins/RegExp/RegExp-trailing-escape-BMP.js-strict:true": "test/annexB/built-ins/RegExp/RegExp-trailing-escape-BMP.js: Test262Error: Code unit: d800 Expected SameValue(«a\\\\\\ud800», «a\\�») to be true <at omitted>",
  "test/annexB/built-ins/RegExp/prototype/compile/pattern-string-invalid-u.js-strict:true": "test/annexB/built-ins/RegExp/prototype/compile/pattern-string-invalid-u.js: Test262Error: invalid pattern: { Expected a SyntaxError to be thrown but no exception was thrown at all <at omitted>",
  "test/built-ins/AsyncFunction/AsyncFunction-is-subclass.js-strict:true": "test/built-ins/AsyncFunction/AsyncFunction-is-subclass.js: Test262Error: Prototype of constructor is Function Expected SameValue(«function () { [native code] }», «function Function() { [native code] }») to be true <at omitted>",
  "test/built-ins/Date/UTC/fp-evaluation-order.js-strict:true": "test/built-ins/Date/UTC/fp-evaluation-order.js: Test262Error: order of operations / precision in MakeTime Expected SameValue(«29256», «29312») to be true <at omitted>",
  "test/built-ins/Function/internals/Construct/base-ctor-revoked-proxy.js-strict:true": "test/built-ins/Function/internals/Construct/base-ctor-revoked-proxy.js: Test262Error: Expected a TypeError to be thrown but no exception was thrown at all <at omitted>",
  "test/built-ins/RegExp/lookahead-quantifier-match-groups.js-strict:true": "test/built-ins/RegExp/lookahead-quantifier-match-groups.js: Test262Error: Expected [a, abc] and [a, undefined] to have the same contents. ? quantifier <at omitted>",
  "test/built-ins/RegExp/nullable-quantifier.js-strict:true": "test/built-ins/RegExp/nullable-quantifier.js: Test262Error: The regex is expected to match the whole string Expected SameValue(«a», «ab») to be true <at omitted>",
  "test/built-ins/RegExp/quantifier-integer-limit.js-strict:true": "test/built-ins/RegExp/quantifier-integer-limit.js: SyntaxError: Invalid regular expression (re2): b{9007199254740991} (error parsing regexp: invalid repeat count: `{9007199254740991}`) <at omitted>",
  "test/built-ins/RegExp/unicode_full_case_folding.js-strict:true": "test/built-ins/RegExp/unicode_full_case_folding.js: Test262Error: \\u0390 does not match \\u1fd3 <at omitted>",
  "test/built-ins/RegExp/unicode_restricted_brackets.js-strict:true": "test/built-ins/RegExp/unicode_restricted_brackets.js: Test262Error: RegExp(\"]\", \"u\"):  Expected a SyntaxError to be thrown but no exception was thrown at all <at omitted>",
  "test/built-ins/RegExp/unicode_restricted_character_class_escape.js-strict:true": "test/built-ins/RegExp/unicode_restricted_character_class_escape.js: Test262Error: RegExp(\"[\\d-a]\", \"u\"):  Expected a SyntaxError to be thrown but no exception was thrown at all <at omitted>",
  "test/built-ins/RegExp/unicode_restricted_identity_escape.js-strict:true": "test/built-ins/RegExp/unicode_restricted_identity_escape.js: Test262Error: Invalid IdentityEscape in AtomEscape: '\\\u0000' Expected a SyntaxError to be thrown but no exception was thrown at all <at omitted>",
  "test/built-ins/RegExp/unicode_restricted_identity_escape_alpha.js-strict:true": "test/built-ins/RegExp/unicode_restricted_identity_escape_alpha.js: Test262Error: IdentityEscape in AtomEscape: 'A' Expected a SyntaxError to be thrown but no exception was thrown at all <at omitted>",
  "test/built-ins/RegExp/unicode_restricted_identity_escape_c.js-strict:true": "test/built-ins/RegExp/unicode_restricted_identity_escape_c.js: Test262Error: Expected a SyntaxError to be thrown but no exception was thrown at all <at omitted>",
  "test/built-ins/RegExp/unicode_restricted_identity_escape_u.js-strict:true": "test/built-ins/RegExp/unicode_restricted_identity_escape_u.js: Test262Error: RegExp(\"\\u\", \"u\"):  Expected a SyntaxError to be thrown but no exception was thrown at all <at omitted>",
  "test/built-ins/RegExp/unicode_restricted_identity_escape_x.js-strict:true": "test/built-ins/RegExp/unicode_restricted_identity_escape_x.js: Test262Error: RegExp(\"\\x\", \"u\"):  Expected a SyntaxError to be thrown but no exception was thrown at all <at omitted>",
  "test/built-ins/RegExp/unicode_restricted_incomplete_quantifier.js-strict:true": "test/built-ins/RegExp/unicode_restricted_incomplete_quantifier.js: Test262Error: RegExp(\"a{\", \"u\"):  Expected a SyntaxError to be thrown but no exception was thrown at all <at omitted>",
  "test/built-ins/RegExp/unicode_restricted_octal_escape.js-strict:true": "test/built-ins/RegExp/unicode_restricted_octal_escape.js: Test262Error: RegExp(\"\\1\", \"u\"):  Expected a SyntaxError to be thrown but no exception was thrown at all <at omitted>",
  "test/built-ins/RegExp/unicode_restricted_quantifiable_assertion.js-strict:true": "test/built-ins/RegExp/unicode_restricted_quantifiable_assertion.js: Test262Error: RegExp(\"(?=.)*\", \"u\"):  Expected a SyntaxError to be thrown but no exception was thrown at all <at omitted>",
  "test/language/comments/hashbang/function-constructor.js-strict:true": "test/language/comments/hashbang/function-constructor.js: SyntaxError: Async generators are not supported yet <at omitted>",
  "test/language/comments/hashbang/module.js-strict:false": "test/language/comments/hashbang/module.js: file:///TestTC39/test262/test/language/comments/hashbang/module.js: Line 1:28 Unexpected token ILLEGAL (and 2 more errors)",
  "test/language/destructuring/binding/syntax/destructuring-array-parameters-function-arguments-length.js-strict:true": "test/language/destructuring/binding/syntax/destructuring-array-parameters-function-arguments-length.js: SyntaxError: Async generators are not supported yet <at omitted>",
  "test/language/destructuring/binding/syntax/destructuring-object-parameters-function-arguments-length.js-strict:true": "test/language/destructuring/binding/syntax/destructuring-object-parameters-function-arguments-length.js: SyntaxError: Async generators are not supported yet <at omitted>",
  "test/language/expressions/assignment/fn-name-lhs-cover.js-strict:true": "test/language/expressions/assignment/fn-name-lhs-cover.js: Test262Error: descriptor value should be ; object value should be  <at omitted>",
  "test/language/expressions/class/class-name-ident-await-escaped-module.js-strict:true": "test/language/expressions/class/class-name-ident-await-escaped-module.js: error is not an object (Test262: This statement should not be evaluated.)",
  "test/language/expressions/class/class-name-ident-await-module.js-strict:true": "test/language/expressions/class/class-name-ident-await-module.js: error is not an object (Test262: This statement should not be evaluated.)",
  "test/language/expressions/class/elements/private-getter-is-not-a-own-property.js-strict:true": "test/language/expressions/class/elements/private-getter-is-not-a-own-property.js: TypeError: Object has no member '__lookupGetter__' <at omitted>",
  "test/language/expressions/class/elements/private-setter-is-not-a-own-property.js-strict:true": "test/language/expressions/class/elements/private-setter-is-not-a-own-property.js: TypeError: Object has no member '__lookupSetter__' <at omitted>",
  "test/language/expressions/import.meta/import-meta-is-an-ordinary-object.js-strict:true": "test/language/expressions/import.meta/import-meta-is-an-ordinary-object.js: file:///TestTC39/test262/test/language/expressions/import.meta/import-meta-is-an-ordinary-object.js: Line 28:25 import not supported in script (and 19 more errors)",
  "test/language/expressions/import.meta/same-object-returned.js-strict:true": "test/language/expressions/import.meta/same-object-returned.js: file:///TestTC39/test262/test/language/expressions/import.meta/same-object-returned.js: Line 28:9 import not supported in script (and 3 more errors)",
  "test/language/expressions/import.meta/syntax/goal-module-nested-function.js-strict:true": "test/language/expressions/import.meta/syntax/goal-module-nested-function.js: file:///TestTC39/test262/test/language/expressions/import.meta/syntax/goal-module-nested-function.js: Line 16:3 import not supported in script (and 4 more errors)",
  "test/language/expressions/import.meta/syntax/goal-module.js-strict:true": "test/language/expressions/import.meta/syntax/goal-module.js: file:///TestTC39/test262/test/language/expressions/import.meta/syntax/goal-module.js: Line 15:1 import not supported in script (and 3 more errors)",
  "test/language/expressions/optional-chaining/iteration-statement-for-await-of.js-strict:true": "test/language/expressions/optional-chaining/iteration-statement-for-await-of.js: test/language/expressions/optional-chaining/iteration-statement-for-await-of.js: Line 32:7 Unexpected token await (and 9 more errors)",
  "test/language/expressions/optional-chaining/member-expression.js-strict:true": "test/language/expressions/optional-chaining/member-expression.js: SyntaxError: Async generators are not supported yet <at omitted>",
  "test/language/literals/numeric/non-octal-decimal-integer.js-strict:false": "test/language/literals/numeric/non-octal-decimal-integer.js: test/language/literals/numeric/non-octal-decimal-integer.js: Line 28:18 Unexpected token ILLEGAL (and 1 more errors)",
  "test/language/literals/regexp/S7.8.5_A1.1_T2.js-strict:true": "test/language/literals/regexp/S7.8.5_A1.1_T2.js: Test262Error: Code unit: d800 Expected SameValue(«\\ud800», «�») to be true <at omitted>",
  "test/language/literals/regexp/S7.8.5_A1.4_T2.js-strict:true": "test/language/literals/regexp/S7.8.5_A1.4_T2.js: Test262Error: Code unit: d800 Expected SameValue(«\\\\\\ud800», «\\�») to be true <at omitted>",
  "test/language/literals/regexp/S7.8.5_A2.1_T2.js-strict:true": "test/language/literals/regexp/S7.8.5_A2.1_T2.js: Test262Error: Code unit: d800 Expected SameValue(«nnnn\\ud800», «nnnn�») to be true <at omitted>",
  "test/language/literals/regexp/S7.8.5_A2.4_T2.js-strict:true": "test/language/literals/regexp/S7.8.5_A2.4_T2.js: Test262Error: Code unit: d800 Expected SameValue(«a\\\\\\ud800», «a\\�») to be true <at omitted>",
  "test/language/literals/regexp/invalid-optional-lookbehind.js-strict:true": "test/language/literals/regexp/invalid-optional-lookbehind.js: error is not an object (Test262: This statement should not be evaluated.)",
  "test/language/literals/regexp/invalid-optional-negative-lookbehind.js-strict:true": "test/language/literals/regexp/invalid-optional-negative-lookbehind.js: error is not an object (Test262: This statement should not be evaluated.)",
  "test/language/literals/regexp/invalid-range-lookbehind.js-strict:true": "test/language/literals/regexp/invalid-range-lookbehind.js: error is not an object (Test262: This statement should not be evaluated.)",
  "test/language/literals/regexp/invalid-range-negative-lookbehind.js-strict:true": "test/language/literals/regexp/invalid-range-negative-lookbehind.js: error is not an object (Test262: This statement should not be evaluated.)",
  "test/language/literals/regexp/u-case-mapping.js-strict:true": "test/language/literals/regexp/u-case-mapping.js: Test262Error: Case mapping is not applied in the absence of the `u` flag Expected SameValue(«true», «false») to be true <at omitted>",
  "test/language/literals/regexp/u-invalid-class-escape.js-strict:true": "test/language/literals/regexp/u-invalid-class-escape.js: error is not an object (Test262: This statement should not be evaluated.)",
  "test/language/literals/regexp/u-invalid-extended-pattern-char.js-strict:true": "test/language/literals/regexp/u-invalid-extended-pattern-char.js: error is not an object (Test262: This statement should not be evaluated.)",
  "test/language/literals/regexp/u-invalid-identity-escape.js-strict:true": "test/language/literals/regexp/u-invalid-identity-escape.js: error is not an object (Test262: This statement should not be evaluated.)",
  "test/language/literals/regexp/u-invalid-legacy-octal-escape.js-strict:true": "test/language/literals/regexp/u-invalid-legacy-octal-escape.js: error is not an object (Test262: This statement should not be evaluated.)",
  "test/language/literals/regexp/u-invalid-non-empty-class-ranges-no-dash-a.js-strict:true": "test/language/literals/regexp/u-invalid-non-empty-class-ranges-no-dash-a.js: error is not an object (Test262: This statement should not be evaluated.)",
  "test/language/literals/regexp/u-invalid-oob-decimal-escape.js-strict:true": "test/language/literals/regexp/u-invalid-oob-decimal-escape.js: error is not an object (Test262: This statement should not be evaluated.)",
  "test/language/literals/regexp/u-invalid-optional-lookahead.js-strict:true": "test/language/literals/regexp/u-invalid-optional-lookahead.js: error is not an object (Test262: This statement should not be evaluated.)",
  "test/language/literals/regexp/u-invalid-optional-lookbehind.js-strict:true": "test/language/literals/regexp/u-invalid-optional-lookbehind.js: error is not an object (Test262: This statement should not be evaluated.)",
  "test/language/literals/regexp/u-invalid-optional-negative-lookahead.js-strict:true": "test/language/literals/regexp/u-invalid-optional-negative-lookahead.js: error is not an object (Test262: This statement should not be evaluated.)",
  "test/language/literals/regexp/u-invalid-optional-negative-lookbehind.js-strict:true": "test/language/literals/regexp/u-invalid-optional-negative-lookbehind.js: error is not an object (Test262: This statement should not be evaluated.)",
  "test/language/literals/regexp/u-invalid-range-lookahead.js-strict:true": "test/language/literals/regexp/u-invalid-range-lookahead.js: error is not an object (Test262: This statement should not be evaluated.)",
  "test/language/literals/regexp/u-invalid-range-lookbehind.js-strict:true": "test/language/literals/regexp/u-invalid-range-lookbehind.js: error is not an object (Test262: This statement should not be evaluated.)",
  "test/language/literals/regexp/u-invalid-range-negative-lookahead.js-strict:true": "test/language/literals/regexp/u-invalid-range-negative-lookahead.js: error is not an object (Test262: This statement should not be evaluated.)",
  "test/language/literals/regexp/u-invalid-range-negative-lookbehind.js-strict:true": "test/language/literals/regexp/u-invalid-range-negative-lookbehind.js: error is not an object (Test262: This statement should not be evaluated.)",
  "test/language/literals/string/S7.8.4_A4.3_T1.js-strict:true": "test/language/literals/string/S7.8.4_A4.3_T1.js: error is not an object (Test262: This statement should not be evaluated.)",
  "test/language/literals/string/S7.8.4_A4.3_T2.js-strict:true": "test/language/literals/string/S7.8.4_A4.3_T2.js: error is not an object (Test262: This statement should not be evaluated.)",
  "test/language/module-code/early-dup-top-function.js-strict:true": "test/language/module-code/early-dup-top-function.js: error is not an object (Test262: This statement should not be evaluated.)",
  "test/language/module-code/early-new-target.js-strict:true": "test/language/module-code/early-new-target.js: error is not an object (Test262: This statement should not be evaluated.)",
  "test/language/module-code/eval-this.js-strict:true": "test/language/module-code/eval-this.js: Test262Error: Expected SameValue(«[object Object]», «undefined») to be true <at omitted>",
  "test/language/module-code/export-default-asyncgenerator-declaration-binding.js-strict:true": "test/language/module-code/export-default-asyncgenerator-declaration-binding.js: SyntaxError: Async generators are not supported yet <at omitted>",
  "test/language/module-code/export-expname-from-as-unpaired-surrogate.js-strict:true": "test/language/module-code/export-expname-from-as-unpaired-surrogate.js: error is not an object (Test262: This statement should not be evaluated.)",
  "test/language/module-code/export-expname-string-binding.js-strict:true": "test/language/module-code/export-expname-string-binding.js: error is not an object (Test262: This statement should not be evaluated.)",
  "test/language/module-code/export-expname-unpaired-surrogate.js-strict:true": "test/language/module-code/export-expname-unpaired-surrogate.js: error is not an object (Test262: This statement should not be evaluated.)",
  "test/language/module-code/instn-iee-err-not-found-as.js-strict:true": "test/language/module-code/instn-iee-err-not-found-as.js: error is not an object (Test262: This statement should not be evaluated.)",
  "test/language/module-code/instn-iee-err-not-found.js-strict:true": "test/language/module-code/instn-iee-err-not-found.js: error is not an object (Test262: This statement should not be evaluated.)",
  "test/language/module-code/instn-named-err-not-found-as.js-strict:true": "test/language/module-code/instn-named-err-not-found-as.js: error is not an object (Test262: This statement should not be evaluated.)",
  "test/language/module-code/instn-named-err-not-found-dflt.js-strict:true": "test/language/module-code/instn-named-err-not-found-dflt.js: error is not an object (Test262: This statement should not be evaluated.)",
  "test/language/module-code/instn-named-err-not-found.js-strict:true": "test/language/module-code/instn-named-err-not-found.js: error is not an object (Test262: This statement should not be evaluated.)",
  "test/language/module-code/instn-star-err-not-found.js-strict:true": "test/language/module-code/instn-star-err-not-found.js: error is not an object (Test262: This statement should not be evaluated.)",
  "test/language/module-code/parse-err-hoist-lex-fun.js-strict:true": "test/language/module-code/parse-err-hoist-lex-fun.js: error is not an object (Test262: This statement should not be evaluated.)",
  "test/language/module-code/parse-err-return.js-strict:true": "test/language/module-code/parse-err-return.js: error is not an object (Test262: This statement should not be evaluated.)",
  "test/language/module-code/top-level-await/new-await.js-strict:true": "test/language/module-code/top-level-await/new-await.js: error is not an object (Test262: This statement should not be evaluated.)",
  "test/language/module-code/top-level-await/no-operand.js-strict:true": "test/language/module-code/top-level-await/no-operand.js: error is not an object (Test262: This statement should not be evaluated.)",
  "test/language/reserved-words/await-module.js-strict:true": "test/language/reserved-words/await-module.js: error is not an object (Test262: This statement should not be evaluated.)",
  "test/language/statements/class/class-name-ident-await-escaped-module.js-strict:true": "test/language/statements/class/class-name-ident-await-escaped-module.js: error is not an object (Test262: This statement should not be evaluated.)",
  "test/language/statements/class/class-name-ident-await-module.js-strict:true": "test/language/statements/class/class-name-ident-await-module.js: error is not an object (Test262: This statement should not be evaluated.)",
  "test/language/statements/class/elements/private-getter-is-not-a-own-property.js-strict:true": "test/language/statements/class/elements/private-getter-is-not-a-own-property.js: TypeError: Object has no member '__lookupGetter__' <at omitted>",
  "test/language/statements/class/elements/private-setter-is-not-a-own-property.js-strict:true": "test/language/statements/class/elements/private-setter-is-not-a-own-property.js: TypeError: Object has no member '__lookupSetter__' <at omitted>",
  "test/language/statements/labeled/value-await-module-escaped.js-strict:true": "test/language/statements/labeled/value-await-module-escaped.js: error is not an object (Test262: This statement should not be evaluated.)",
  "test/language/statements/labeled/value-await-module.js-strict:true": "test/language/statements/labeled/value-await-module.js: error is not an object (Test262: This statement should not be evaluated.)"
}
