{
  "test/annexB/built-ins/Function/createdynfn-html-close-comment-body.js-strict:true": "test/annexB/built-ins/Function/createdynfn-html-close-comment-body.js: SyntaxError: SyntaxError: <eval>: Line 4:3 Unexpected token > (and 3 more errors) <at omitted>",
  "test/annexB/built-ins/Function/createdynfn-html-close-comment-params.js-strict:true": "test/annexB/built-ins/Function/createdynfn-html-close-comment-params.js: SyntaxError: SyntaxError: <eval>: Line 2:1 Unexpected token -- (and 5 more errors) <at omitted>",
  "test/annexB/built-ins/Function/createdynfn-html-open-comment-body.js-strict:true": "test/annexB/built-ins/Function/createdynfn-html-open-comment-body.js: SyntaxError: SyntaxError: <eval>: Line 3:1 Unexpected token < (and 2 more errors) <at omitted>",
  "test/annexB/built-ins/Function/createdynfn-html-open-comment-params.js-strict:true": "test/annexB/built-ins/Function/createdynfn-html-open-comment-params.js: SyntaxError: SyntaxError: <eval>: Line 1:21 Unexpected token < (and 5 more errors) <at omitted>",
  "test/annexB/built-ins/Function/createdynfn-no-line-terminator-html-close-comment-body.js-strict:true": "test/annexB/built-ins/Function/createdynfn-no-line-terminator-html-close-comment-body.js: SyntaxError: SyntaxError: <eval>: Line 3:3 Unexpected token > (and 3 more errors) <at omitted>",
  "test/annexB/built-ins/RegExp/RegExp-control-escape-russian-letter.js-strict:true": "test/annexB/built-ins/RegExp/RegExp-control-escape-russian-letter.js: Test262Error: invalid \\c escape matched c rather than \\c when followed by А Expected SameValue(«cА», «null») to be true <at omitted>",
  "test/annexB/built-ins/RegExp/RegExp-invalid-control-escape-character-class.js-strict:true": "test/annexB/built-ins/RegExp/RegExp-invalid-control-escape-character-class.js: Test262Error: Character \\ missing from character class [\\c\u0000] <at omitted>",
  "test/annexB/built-ins/RegExp/RegExp-leading-escape-BMP.js-strict:true": "test/annexB/built-ins/RegExp/RegExp-leading-escape-BMP.js: Test262Error: Code unit: d800 Expected SameValue(«\\\\\\ud800», «\\�») to be true <at omitted>",
  "test/annexB/built-ins/RegExp/RegExp-trailing-escape-BMP.js-strict:true": "test/annexB/built-ins/RegExp/RegExp-trailing-escape-BMP.js: Test262Error: Code unit: d800 Expected SameValue(«a\\\\\\ud800», «a\\�») to be true <at omitted>",
  "test/annexB/built-ins/RegExp/prototype/compile/pattern-string-invalid-u.js-strict:true": "test/annexB/built-ins/RegExp/prototype/compile/pattern-string-invalid-u.js: Test262Error: invalid pattern: { Expected a SyntaxError to be thrown but no exception was thrown at all <at omitted>",
  "test/built-ins/AsyncArrowFunction/is-a-constructor.js-strict:true": "test/built-ins/AsyncArrowFunction/is-a-constructor.js: SyntaxError: Async generators are not supported yet <at omitted>",
  "test/built-ins/AsyncFunction/AsyncFunction-is-subclass.js-strict:true": "test/built-ins/AsyncFunction/AsyncFunction-is-subclass.js: Test262Error: Prototype of constructor is Function Expected SameValue(«function () { [native code] }», «function Function() { [native code] }») to be true <at omitted>",
  "test/built-ins/AsyncFunction/is-a-constructor.js-strict:true": "test/built-ins/AsyncFunction/is-a-constructor.js: SyntaxError: Async generators are not supported yet <at omitted>",
  "test/built-ins/Date/UTC/fp-evaluation-order.js-strict:true": "test/built-ins/Date/UTC/fp-evaluation-order.js: Test262Error: order of operations / precision in MakeTime Expected SameValue(«29256», «29312») to be true <at omitted>",
  "test/built-ins/Function/internals/Construct/base-ctor-revoked-proxy.js-strict:true": "test/built-ins/Function/internals/Construct/base-ctor-revoked-proxy.js: Test262Error: Expected a TypeError to be thrown but no exception was thrown at all <at omitted>",
  "test/built-ins/GeneratorFunction/is-a-constructor.js-strict:true": "test/built-ins/GeneratorFunction/is-a-constructor.js: SyntaxError: Async generators are not supported yet <at omitted>",
  "test/built-ins/Object/seal/seal-bigint64array.js-strict:true": "test/built-ins/Object/seal/seal-bigint64array.js: ReferenceError: BigInt64Array is not defined <at omitted>",
  "test/built-ins/Object/seal/seal-biguint64array.js-strict:true": "test/built-ins/Object/seal/seal-biguint64array.js: ReferenceError: BigUint64Array is not defined <at omitted>",
  "test/built-ins/RegExp/quantifier-integer-limit.js-strict:true": "test/built-ins/RegExp/quantifier-integer-limit.js: SyntaxError: Invalid regular expression (re2): b{9007199254740991} (error parsing regexp: invalid repeat count: `{9007199254740991}`) <at omitted>",
  "test/built-ins/RegExp/unicode_restricted_brackets.js-strict:true": "test/built-ins/RegExp/unicode_restricted_brackets.js: Test262Error: RegExp(\"]\", \"u\"):  Expected a SyntaxError to be thrown but no exception was thrown at all <at omitted>",
  "test/built-ins/RegExp/unicode_restricted_character_class_escape.js-strict:true": "test/built-ins/RegExp/unicode_restricted_character_class_escape.js: Test262Error: RegExp(\"[\\d-a]\", \"u\"):  Expected a SyntaxError to be thrown but no exception was thrown at all <at omitted>",
  "test/built-ins/RegExp/unicode_restricted_identity_escape.js-strict:true": "test/built-ins/RegExp/unicode_restricted_identity_escape.js: Test262Error: Invalid IdentityEscape in AtomEscape: '\\\u0000' Expected a SyntaxError to be thrown but no exception was thrown at all <at omitted>",
  "test/built-ins/RegExp/unicode_restricted_identity_escape_alpha.js-strict:true": "test/built-ins/RegExp/unicode_restricted_identity_escape_alpha.js: Test262Error: IdentityEscape in AtomEscape: 'A' Expected a SyntaxError to be thrown but no exception was thrown at all <at omitted>",
  "test/built-ins/RegExp/unicode_restricted_identity_escape_c.js-strict:true": "test/built-ins/RegExp/unicode_restricted_identity_escape_c.js: Test262Error: Expected a SyntaxError to be thrown but no exception was thrown at all <at omitted>",
  "test/built-ins/RegExp/unicode_restricted_identity_escape_u.js-strict:true": "test/built-ins/RegExp/unicode_restricted_identity_escape_u.js: Test262Error: RegExp(\"\\u\", \"u\"):  Expected a SyntaxError to be thrown but no exception was thrown at all <at omitted>",
  "test/built-ins/RegExp/unicode_restricted_identity_escape_x.js-strict:true": "test/built-ins/RegExp/unicode_restricted_identity_escape_x.js: Test262Error: RegExp(\"\\x\", \"u\"):  Expected a SyntaxError to be thrown but no exception was thrown at all <at omitted>",
  "test/built-ins/RegExp/unicode_restricted_incomplete_quantifier.js-strict:true": "test/built-ins/RegExp/unicode_restricted_incomplete_quantifier.js: Test262Error: RegExp(\"a{\", \"u\"):  Expected a SyntaxError to be thrown but no exception was thrown at all <at omitted>",
  "test/built-ins/RegExp/unicode_restricted_octal_escape.js-strict:true": "test/built-ins/RegExp/unicode_restricted_octal_escape.js: Test262Error: RegExp(\"\\1\", \"u\"):  Expected a SyntaxError to be thrown but no exception was thrown at all <at omitted>",
  "test/built-ins/RegExp/unicode_restricted_quantifiable_assertion.js-strict:true": "test/built-ins/RegExp/unicode_restricted_quantifiable_assertion.js: Test262Error: RegExp(\"(?=.)*\", \"u\"):  Expected a SyntaxError to be thrown but no exception was thrown at all <at omitted>",
  "test/built-ins/TypedArrayConstructors/BigUint64Array/is-a-constructor.js-strict:true": "test/built-ins/TypedArrayConstructors/BigUint64Array/is-a-constructor.js: ReferenceError: BigUint64Array is not defined <at omitted>",
  "test/language/comments/hashbang/function-constructor.js-strict:true": "test/language/comments/hashbang/function-constructor.js: SyntaxError: test/language/comments/hashbang/function-constructor.js: Unexpected token (17:47)\n  15 | const AsyncFunction = (async function (){}).constructor;\n  16 | const GeneratorFunction = (function *(){}).constructor;\n> 17 | const AsyncGeneratorFunction = (async function *(){}).constructor;\n     |                                                ^\n  18 | for (const ctor of [\n  19 |   Function,\n  20 |   AsyncFunction, <at omitted>",
  "test/language/comments/hashbang/module.js-strict:false": "test/language/comments/hashbang/module.js: file://TestTC39/test262/test/language/comments/hashbang/module.js: Line 2:1 Unexpected token ILLEGAL (and 2 more errors)",
  "test/language/destructuring/binding/syntax/destructuring-array-parameters-function-arguments-length.js-strict:true": "test/language/destructuring/binding/syntax/destructuring-array-parameters-function-arguments-length.js: SyntaxError: test/language/destructuring/binding/syntax/destructuring-array-parameters-function-arguments-length.js: Unexpected token (35:33)\n  33 | assert.sameValue((async ([a,b]) => {}).length, 1);\n  34 | assert.sameValue((async function([a,b]) {}).length, 1);\n> 35 | assert.sameValue((async function * ([a,b]) {}).length, 1);\n     |                                  ^\n  36 | \n  37 |  <at omitted>",
  "test/language/destructuring/binding/syntax/destructuring-object-parameters-function-arguments-length.js-strict:true": "test/language/destructuring/binding/syntax/destructuring-object-parameters-function-arguments-length.js: SyntaxError: test/language/destructuring/binding/syntax/destructuring-object-parameters-function-arguments-length.js: Unexpected token (35:33)\n  33 | assert.sameValue((async ({a,b}) => {}).length, 1);\n  34 | assert.sameValue((async function({a,b}) {}).length, 1);\n> 35 | assert.sameValue((async function * ({a,b}) {}).length, 1);\n     |                                  ^\n  36 | \n  37 |  <at omitted>",
  "test/language/export/escaped-as-export-specifier.js-strict:true": "test/language/export/escaped-as-export-specifier.js: error is not an object (Test262: This statement should not be evaluated.)",
  "test/language/export/escaped-from.js-strict:true": "test/language/export/escaped-from.js: error is not an object (Test262: This statement should not be evaluated.)",
  "test/language/expressions/assignment/fn-name-lhs-cover.js-strict:true": "test/language/expressions/assignment/fn-name-lhs-cover.js: Test262Error: descriptor value should be  <at omitted>",
  "test/language/expressions/class/class-name-ident-await-escaped-module.js-strict:true": "test/language/expressions/class/class-name-ident-await-escaped-module.js: error is not an object (Test262: This statement should not be evaluated.)",
  "test/language/expressions/class/class-name-ident-await-module.js-strict:true": "test/language/expressions/class/class-name-ident-await-module.js: error is not an object (Test262: This statement should not be evaluated.)",
  "test/language/expressions/class/cpn-class-expr-accessors-computed-property-name-from-integer-separators.js-strict:true": "test/language/expressions/class/cpn-class-expr-accessors-computed-property-name-from-integer-separators.js: SyntaxError: test/language/expressions/class/cpn-class-expr-accessors-computed-property-name-from-integer-separators.js: Identifier directly after number (40:8)\n  38 | \n  39 | let C = class {\n> 40 |   get [1_2_3_4_5_6_7_8]() {\n     |         ^\n  41 |     return 1_2_3_4_5_6_7_8;\n  42 |   }\n  43 |  <at omitted>",
  "test/language/expressions/class/cpn-class-expr-computed-property-name-from-integer-separators.js-strict:true": "test/language/expressions/class/cpn-class-expr-computed-property-name-from-integer-separators.js: SyntaxError: test/language/expressions/class/cpn-class-expr-computed-property-name-from-integer-separators.js: Identifier directly after number (40:4)\n  38 | \n  39 | let C = class {\n> 40 |   [1_2_3_4_5_6_7_8]() {\n     |     ^\n  41 |     return 1_2_3_4_5_6_7_8;\n  42 |   }\n  43 |   static [1_2_3_4_5_6_7_8]() { <at omitted>",
  "test/language/expressions/class/cpn-class-expr-fields-computed-property-name-from-integer-separators.js-strict:true": "test/language/expressions/class/cpn-class-expr-fields-computed-property-name-from-integer-separators.js: SyntaxError: test/language/expressions/class/cpn-class-expr-fields-computed-property-name-from-integer-separators.js: Identifier directly after number (40:4)\n  38 | \n  39 | let C = class {\n> 40 |   [1_2_3_4_5_6_7_8] = 1_2_3_4_5_6_7_8;\n     |     ^\n  41 | \n  42 |   static [1_2_3_4_5_6_7_8] = 1_2_3_4_5_6_7_8;\n  43 | }; <at omitted>",
  "test/language/expressions/class/cpn-class-expr-fields-methods-computed-property-name-from-integer-separators.js-strict:true": "test/language/expressions/class/cpn-class-expr-fields-methods-computed-property-name-from-integer-separators.js: SyntaxError: test/language/expressions/class/cpn-class-expr-fields-methods-computed-property-name-from-integer-separators.js: Identifier directly after number (40:4)\n  38 | \n  39 | let C = class {\n> 40 |   [1_2_3_4_5_6_7_8] = () => {\n     |     ^\n  41 |     return 1_2_3_4_5_6_7_8;\n  42 |   };\n  43 |  <at omitted>",
  "test/language/expressions/class/elements/class-name-static-initializer-default-export.js-strict:true": "test/language/expressions/class/elements/class-name-static-initializer-default-export.js: SyntaxError: file://TestTC39/test262/test/language/expressions/class/elements/class-name-static-initializer-default-export.js: Unexpected token (25:13)\n  23 | \n  24 | export default class {\n> 25 |     static f = (className = this.name);\n     |              ^\n  26 | }\n  27 | \n  28 | assert.sameValue(className, \"default\"); <at omitted>",
  "test/language/expressions/class/elements/private-getter-is-not-a-own-property.js-strict:true": "test/language/expressions/class/elements/private-getter-is-not-a-own-property.js: TypeError: Object has no member '__lookupGetter__' <at omitted>",
  "test/language/expressions/class/elements/private-setter-is-not-a-own-property.js-strict:true": "test/language/expressions/class/elements/private-setter-is-not-a-own-property.js: TypeError: Object has no member '__lookupSetter__' <at omitted>",
  "test/language/expressions/object/cpn-obj-lit-computed-property-name-from-integer-separators.js-strict:true": "test/language/expressions/object/cpn-obj-lit-computed-property-name-from-integer-separators.js: SyntaxError: test/language/expressions/object/cpn-obj-lit-computed-property-name-from-integer-separators.js: Identifier directly after number (29:4)\n  27 | \n  28 | let o = {\n> 29 |   [1_2_3_4_5_6_7_8]: 1_2_3_4_5_6_7_8\n     |     ^\n  30 | };\n  31 | \n  32 | assert.sameValue( <at omitted>",
  "test/language/expressions/optional-chaining/iteration-statement-for-await-of.js-strict:true": "test/language/expressions/optional-chaining/iteration-statement-for-await-of.js: SyntaxError: test/language/expressions/optional-chaining/iteration-statement-for-await-of.js: Unexpected token, expected ( (31:6)\n  29 | async function checkAssertions() {\n  30 |   let count = 0;\n> 31 |   for await (const num of obj?.iterable) {\n     |       ^\n  32 |     count += num;\n  33 |   }\n  34 |   assert.sameValue(3, count); <at omitted>",
  "test/language/expressions/optional-chaining/member-expression.js-strict:true": "test/language/expressions/optional-chaining/member-expression.js: SyntaxError: test/language/expressions/optional-chaining/member-expression.js: Unexpected token (18:23)\n  16 | //   IdentifierReference\n  17 | const a = {b: 22};\n> 18 | assert.sameValue(22, a?.b);\n     |                        ^\n  19 | //   this\n  20 | function fn () {\n  21 |   return this?.a <at omitted>",
  "test/language/import/dup-bound-names.js-strict:true": "test/language/import/dup-bound-names.js: unexpected error type (TypeError), expected (SyntaxError)",
  "test/language/import/escaped-as-import-specifier.js-strict:true": "test/language/import/escaped-as-import-specifier.js: error is not an object (Test262: This statement should not be evaluated.)",
  "test/language/import/escaped-as-namespace-import.js-strict:true": "test/language/import/escaped-as-namespace-import.js: error is not an object (Test262: This statement should not be evaluated.)",
  "test/language/import/escaped-from.js-strict:true": "test/language/import/escaped-from.js: error is not an object (Test262: This statement should not be evaluated.)",
  "test/language/literals/numeric/non-octal-decimal-integer.js-strict:false": "test/language/literals/numeric/non-octal-decimal-integer.js: SyntaxError: test/language/literals/numeric/non-octal-decimal-integer.js: Invalid number (28:17)\n  26 | // NonOctalDecimalIntegerLiteral ::\n  27 | //   0 NonOctalDigit\n> 28 | assert.sameValue(08, 8, '08');\n     |                  ^\n  29 | assert.sameValue(09, 9, '09');\n  30 | \n  31 | // NonOctalDecimalIntegerLiteral :: <at omitted>",
  "test/language/literals/regexp/S7.8.5_A1.1_T2.js-strict:true": "test/language/literals/regexp/S7.8.5_A1.1_T2.js: Test262Error: Code unit: d800 Expected SameValue(«\\ud800», «�») to be true <at omitted>",
  "test/language/literals/regexp/S7.8.5_A1.4_T2.js-strict:true": "test/language/literals/regexp/S7.8.5_A1.4_T2.js: Test262Error: Code unit: d800 Expected SameValue(«\\\\\\ud800», «\\�») to be true <at omitted>",
  "test/language/literals/regexp/S7.8.5_A2.1_T2.js-strict:true": "test/language/literals/regexp/S7.8.5_A2.1_T2.js: Test262Error: Code unit: d800 Expected SameValue(«nnnn\\ud800», «nnnn�») to be true <at omitted>",
  "test/language/literals/regexp/S7.8.5_A2.4_T2.js-strict:true": "test/language/literals/regexp/S7.8.5_A2.4_T2.js: Test262Error: Code unit: d800 Expected SameValue(«a\\\\\\ud800», «a\\�») to be true <at omitted>",
  "test/language/literals/regexp/invalid-optional-lookbehind.js-strict:true": "test/language/literals/regexp/invalid-optional-lookbehind.js: error is not an object (Test262: This statement should not be evaluated.)",
  "test/language/literals/regexp/invalid-optional-negative-lookbehind.js-strict:true": "test/language/literals/regexp/invalid-optional-negative-lookbehind.js: error is not an object (Test262: This statement should not be evaluated.)",
  "test/language/literals/regexp/invalid-range-lookbehind.js-strict:true": "test/language/literals/regexp/invalid-range-lookbehind.js: error is not an object (Test262: This statement should not be evaluated.)",
  "test/language/literals/regexp/invalid-range-negative-lookbehind.js-strict:true": "test/language/literals/regexp/invalid-range-negative-lookbehind.js: error is not an object (Test262: This statement should not be evaluated.)",
  "test/language/literals/regexp/u-case-mapping.js-strict:true": "test/language/literals/regexp/u-case-mapping.js: Test262Error: Case mapping is not applied in the absence of the `u` flag Expected SameValue(«true», «false») to be true <at omitted>",
  "test/language/literals/regexp/u-invalid-class-escape.js-strict:true": "test/language/literals/regexp/u-invalid-class-escape.js: error is not an object (Test262: This statement should not be evaluated.)",
  "test/language/literals/regexp/u-invalid-extended-pattern-char.js-strict:true": "test/language/literals/regexp/u-invalid-extended-pattern-char.js: error is not an object (Test262: This statement should not be evaluated.)",
  "test/language/literals/regexp/u-invalid-identity-escape.js-strict:true": "test/language/literals/regexp/u-invalid-identity-escape.js: error is not an object (Test262: This statement should not be evaluated.)",
  "test/language/literals/regexp/u-invalid-legacy-octal-escape.js-strict:true": "test/language/literals/regexp/u-invalid-legacy-octal-escape.js: error is not an object (Test262: This statement should not be evaluated.)",
  "test/language/literals/regexp/u-invalid-non-empty-class-ranges-no-dash-a.js-strict:true": "test/language/literals/regexp/u-invalid-non-empty-class-ranges-no-dash-a.js: error is not an object (Test262: This statement should not be evaluated.)",
  "test/language/literals/regexp/u-invalid-oob-decimal-escape.js-strict:true": "test/language/literals/regexp/u-invalid-oob-decimal-escape.js: error is not an object (Test262: This statement should not be evaluated.)",
  "test/language/literals/regexp/u-invalid-optional-lookahead.js-strict:true": "test/language/literals/regexp/u-invalid-optional-lookahead.js: error is not an object (Test262: This statement should not be evaluated.)",
  "test/language/literals/regexp/u-invalid-optional-lookbehind.js-strict:true": "test/language/literals/regexp/u-invalid-optional-lookbehind.js: error is not an object (Test262: This statement should not be evaluated.)",
  "test/language/literals/regexp/u-invalid-optional-negative-lookahead.js-strict:true": "test/language/literals/regexp/u-invalid-optional-negative-lookahead.js: error is not an object (Test262: This statement should not be evaluated.)",
  "test/language/literals/regexp/u-invalid-optional-negative-lookbehind.js-strict:true": "test/language/literals/regexp/u-invalid-optional-negative-lookbehind.js: error is not an object (Test262: This statement should not be evaluated.)",
  "test/language/literals/regexp/u-invalid-range-lookahead.js-strict:true": "test/language/literals/regexp/u-invalid-range-lookahead.js: error is not an object (Test262: This statement should not be evaluated.)",
  "test/language/literals/regexp/u-invalid-range-lookbehind.js-strict:true": "test/language/literals/regexp/u-invalid-range-lookbehind.js: error is not an object (Test262: This statement should not be evaluated.)",
  "test/language/literals/regexp/u-invalid-range-negative-lookahead.js-strict:true": "test/language/literals/regexp/u-invalid-range-negative-lookahead.js: error is not an object (Test262: This statement should not be evaluated.)",
  "test/language/literals/regexp/u-invalid-range-negative-lookbehind.js-strict:true": "test/language/literals/regexp/u-invalid-range-negative-lookbehind.js: error is not an object (Test262: This statement should not be evaluated.)",
  "test/language/literals/regexp/u-unicode-esc-non-hex.js-strict:true": "test/language/literals/regexp/u-unicode-esc-non-hex.js: error is not an object (Test262: This statement should not be evaluated.)",
  "test/language/literals/string/S7.8.4_A4.3_T1.js-strict:true": "test/language/literals/string/S7.8.4_A4.3_T1.js: error is not an object (Test262: This statement should not be evaluated.)",
  "test/language/literals/string/S7.8.4_A4.3_T2.js-strict:true": "test/language/literals/string/S7.8.4_A4.3_T2.js: error is not an object (Test262: This statement should not be evaluated.)",
  "test/language/module-code/comment-multi-line-html-close.js-strict:true": "test/language/module-code/comment-multi-line-html-close.js: error is not an object (Test262: This statement should not be evaluated.)",
  "test/language/module-code/comment-single-line-html-close.js-strict:true": "test/language/module-code/comment-single-line-html-close.js: error is not an object (Test262: This statement should not be evaluated.)",
  "test/language/module-code/early-dup-top-function.js-strict:true": "test/language/module-code/early-dup-top-function.js: error is not an object (Test262: This statement should not be evaluated.)",
  "test/language/module-code/early-export-global.js-strict:true": "test/language/module-code/early-export-global.js: error is not an object (Test262: This statement should not be evaluated.)",
  "test/language/module-code/early-export-unresolvable.js-strict:true": "test/language/module-code/early-export-unresolvable.js: error is not an object (Test262: This statement should not be evaluated.)",
  "test/language/module-code/early-new-target.js-strict:true": "test/language/module-code/early-new-target.js: error is not an object (Test262: This statement should not be evaluated.)",
  "test/language/module-code/eval-export-dflt-cls-anon.js-strict:true": "test/language/module-code/eval-export-dflt-cls-anon.js: Test262Error: correct name is assigned Expected SameValue(«», «default») to be true <at omitted>",
  "test/language/module-code/eval-export-dflt-expr-cls-anon.js-strict:true": "test/language/module-code/eval-export-dflt-expr-cls-anon.js: Test262Error: correct name is assigned Expected SameValue(«», «default») to be true <at omitted>",
  "test/language/module-code/eval-export-dflt-expr-fn-anon.js-strict:true": "test/language/module-code/eval-export-dflt-expr-fn-anon.js: Test262Error: correct name is assigned Expected SameValue(«», «default») to be true <at omitted>",
  "test/language/module-code/eval-export-dflt-expr-gen-anon.js-strict:true": "test/language/module-code/eval-export-dflt-expr-gen-anon.js: Test262Error: correct name is assigned Expected SameValue(«», «default») to be true <at omitted>",
  "test/language/module-code/eval-rqstd-once.js-strict:true": "test/language/module-code/eval-rqstd-once.js: SyntaxError: file://TestTC39/test262/test/language/module-code/eval-rqstd-once.js: Unexpected token (27:9)\n  25 | import dflt2, {} from './eval-rqstd-once_FIXTURE.js';\n  26 | export * from './eval-rqstd-once_FIXTURE.js';\n> 27 | export * as ns2 from './eval-rqstd-once_FIXTURE.js';\n     |          ^\n  28 | export * as class from './eval-rqstd-once_FIXTURE.js';\n  29 | import dflt3, * as ns3 from './eval-rqstd-once_FIXTURE.js';\n  30 | export default null; <at omitted>",
  "test/language/module-code/eval-rqstd-order.js-strict:true": "test/language/module-code/eval-rqstd-order.js: SyntaxError: file://TestTC39/test262/test/language/module-code/eval-rqstd-order.js: Unexpected token (41:9)\n  39 | import dflt3, * as ns2 from './eval-rqstd-order-8_FIXTURE.js';\n  40 | \n> 41 | export * as ns3 from './eval-rqstd-order-9_FIXTURE.js';\n     |          ^\n  42 |  <at omitted>",
  "test/language/module-code/eval-self-once.js-strict:true": "test/language/module-code/eval-self-once.js: SyntaxError: file://TestTC39/test262/test/language/module-code/eval-self-once.js: Unexpected token (36:9)\n  34 | import dflt2, {} from './eval-self-once.js';\n  35 | export * from './eval-self-once.js';\n> 36 | export * as ns2 from './eval-self-once.js';\n     |          ^\n  37 | import dflt3, * as ns from './eval-self-once.js';\n  38 | export default null;\n  39 |  <at omitted>",
  "test/language/module-code/eval-this.js-strict:true": "test/language/module-code/eval-this.js: Test262Error: Expected SameValue(«[object Object]», «undefined») to be true <at omitted>",
  "test/language/module-code/export-default-asyncfunction-declaration-binding-exists.js-strict:true": "test/language/module-code/export-default-asyncfunction-declaration-binding-exists.js: error is not an object (Test262: This statement should not be evaluated.)",
  "test/language/module-code/export-default-asyncfunction-declaration-binding.js-strict:true": "test/language/module-code/export-default-asyncfunction-declaration-binding.js: ReferenceError: A is not defined <at omitted>",
  "test/language/module-code/export-default-asyncgenerator-declaration-binding.js-strict:true": "test/language/module-code/export-default-asyncgenerator-declaration-binding.js: SyntaxError: file://TestTC39/test262/test/language/module-code/export-default-asyncgenerator-declaration-binding.js: Unexpected token (18:30)\n  16 | ---*/\n  17 | \n> 18 | export default async function * AG() {}\n     |                               ^\n  19 | AG.foo = '';\n  20 |  <at omitted>",
  "test/language/module-code/export-expname-binding-index.js-strict:true": "test/language/module-code/export-expname-binding-index.js: SyntaxError: file:///TestTC39/test262/test/language/module-code/export-expname-binding-index_FIXTURE.js: Unexpected token (6:14)\n  4 | var a = 0;\n  5 | var b = 1;\n> 6 | export { a as \"0\", b as \"1\" };\n    |               ^\n  7 |  <at omitted>",
  "test/language/module-code/export-expname-binding-string.js-strict:true": "test/language/module-code/export-expname-binding-string.js: SyntaxError: file:///TestTC39/test262/test/language/module-code/export-expname_FIXTURE.js: Unexpected token (4:29)\n  2 | // This code is governed by the BSD license found in the LICENSE file.\n  3 | \n> 4 | export { Mercury, Mercury as \"☿\" };\n    |                              ^\n  5 | function Mercury() {}\n  6 | globalThis.Mercury = Mercury;\n  7 |  <at omitted>",
  "test/language/module-code/export-expname-from-binding-string.js-strict:true": "test/language/module-code/export-expname-from-binding-string.js: SyntaxError: file://TestTC39/test262/test/language/module-code/export-expname-from-binding-string.js: Unexpected token (21:20)\n  19 | ---*/\n  20 | import * as Scouts from \"./export-expname-from-binding-string.js\";\n> 21 | export { Mercury as \"☿\" } from \"./export-expname_FIXTURE.js\";\n     |                     ^\n  22 | \n  23 | assert.sameValue(Scouts.Mercury, undefined);\n  24 | assert.sameValue(Scouts[\"☿\"], globalThis.Mercury); <at omitted>",
  "test/language/module-code/export-expname-from-star-string.js-strict:true": "test/language/module-code/export-expname-from-star-string.js: SyntaxError: file://TestTC39/test262/test/language/module-code/export-expname-from-star-string.js: Unexpected token (18:9)\n  16 | ---*/\n  17 | import * as Scouts from \"./export-expname-from-star-string.js\";\n> 18 | export * as \"All\" from \"./export-expname_FIXTURE.js\";\n     |          ^\n  19 | \n  20 | assert.sameValue(Scouts[\"☿\"], undefined);\n  21 | assert.sameValue(Scouts.All[\"☿\"], globalThis.Mercury); <at omitted>",
  "test/language/module-code/export-expname-from-star.js-strict:true": "test/language/module-code/export-expname-from-star.js: SyntaxError: file:///TestTC39/test262/test/language/module-code/export-expname_FIXTURE.js: Unexpected token (4:29)\n  2 | // This code is governed by the BSD license found in the LICENSE file.\n  3 | \n> 4 | export { Mercury, Mercury as \"☿\" };\n    |                              ^\n  5 | function Mercury() {}\n  6 | globalThis.Mercury = Mercury;\n  7 |  <at omitted>",
  "test/language/module-code/export-expname-from-string-binding.js-strict:true": "test/language/module-code/export-expname-from-string-binding.js: SyntaxError: file://TestTC39/test262/test/language/module-code/export-expname-from-string-binding.js: Unexpected token (19:9)\n  17 | ---*/\n  18 | import * as Scouts from \"./export-expname-from-string-binding.js\";\n> 19 | export { \"☿\" as Ami } from \"./export-expname_FIXTURE.js\";\n     |          ^\n  20 | \n  21 | assert.sameValue(Scouts[\"☿\"], undefined);\n  22 | assert.sameValue(Scouts.Ami, globalThis.Mercury); <at omitted>",
  "test/language/module-code/export-expname-from-string-string.js-strict:true": "test/language/module-code/export-expname-from-string-string.js: SyntaxError: file://TestTC39/test262/test/language/module-code/export-expname-from-string-string.js: Unexpected token (19:9)\n  17 | ---*/\n  18 | import * as Scouts from \"./export-expname-from-string-string.js\";\n> 19 | export { \"☿\" as \"Ami\" } from \"./export-expname_FIXTURE.js\";\n     |          ^\n  20 | \n  21 | assert.sameValue(Scouts[\"☿\"], undefined);\n  22 | assert.sameValue(Scouts.Ami, globalThis.Mercury); <at omitted>",
  "test/language/module-code/export-expname-from-string.js-strict:true": "test/language/module-code/export-expname-from-string.js: SyntaxError: file://TestTC39/test262/test/language/module-code/export-expname-from-string.js: Unexpected token (21:9)\n  19 | ---*/\n  20 | import * as Scouts from \"./export-expname-from-string.js\";\n> 21 | export { \"☿\" } from \"./export-expname_FIXTURE.js\";\n     |          ^\n  22 | \n  23 | assert.sameValue(typeof Scouts[\"☿\"], \"function\");\n  24 |  <at omitted>",
  "test/language/module-code/export-expname-import-string-binding.js-strict:true": "test/language/module-code/export-expname-import-string-binding.js: SyntaxError: file://TestTC39/test262/test/language/module-code/export-expname-import-string-binding.js: Unexpected token (16:9)\n  14 | features: [arbitrary-module-namespace-names]\n  15 | ---*/\n> 16 | import { \"☿\" as Ami } from \"./export-expname_FIXTURE.js\";\n     |          ^\n  17 | \n  18 | assert.sameValue(Ami, globalThis.Mercury);\n  19 |  <at omitted>",
  "test/language/module-code/export-star-as-dflt.js-strict:true": "test/language/module-code/export-star-as-dflt.js: SyntaxError: file://TestTC39/test262/test/language/module-code/export-star-as-dflt.js: Unexpected token (22:9)\n  20 | ---*/\n  21 | \n> 22 | export * as default from './export-star-as-dflt_FIXTURE.js';\n     |          ^\n  23 | import Self from './export-star-as-dflt.js';\n  24 | import { default as named } from './export-star-as-dflt.js';\n  25 | import * as ns from './export-star-as-dflt.js'; <at omitted>",
  "test/language/module-code/instn-iee-bndng-cls.js-strict:true": "test/language/module-code/instn-iee-bndng-cls.js: Test262Error: binding is created but not initialized Expected a ReferenceError to be thrown but no exception was thrown at all <at omitted>",
  "test/language/module-code/instn-iee-bndng-const.js-strict:true": "test/language/module-code/instn-iee-bndng-const.js: Test262Error: binding is created but not initialized Expected a ReferenceError to be thrown but no exception was thrown at all <at omitted>",
  "test/language/module-code/instn-iee-bndng-fun.js-strict:true": "test/language/module-code/instn-iee-bndng-fun.js: TypeError: Value is not an object: undefined <at omitted>",
  "test/language/module-code/instn-iee-bndng-gen.js-strict:true": "test/language/module-code/instn-iee-bndng-gen.js: TypeError: Value is not an object: undefined <at omitted>",
  "test/language/module-code/instn-iee-bndng-let.js-strict:true": "test/language/module-code/instn-iee-bndng-let.js: Test262Error: binding is created but not initialized Expected a ReferenceError to be thrown but no exception was thrown at all <at omitted>",
  "test/language/module-code/instn-iee-bndng-var.js-strict:true": "test/language/module-code/instn-iee-bndng-var.js: Test262Error: binding rejects assignment Expected a TypeError but got a ReferenceError <at omitted>",
  "test/language/module-code/instn-iee-err-ambiguous-as.js-strict:true": "test/language/module-code/instn-iee-err-ambiguous-as.js: unexpected error type (TypeError), expected (SyntaxError)",
  "test/language/module-code/instn-iee-err-ambiguous.js-strict:true": "test/language/module-code/instn-iee-err-ambiguous.js: unexpected error type (TypeError), expected (SyntaxError)",
  "test/language/module-code/instn-iee-err-circular-as.js-strict:true": "test/language/module-code/instn-iee-err-circular-as.js: Expected error: <nil>",
  "test/language/module-code/instn-iee-err-circular.js-strict:true": "test/language/module-code/instn-iee-err-circular.js: Expected error: <nil>",
  "test/language/module-code/instn-iee-err-dflt-thru-star-as.js-strict:true": "test/language/module-code/instn-iee-err-dflt-thru-star-as.js: Expected error: <nil>",
  "test/language/module-code/instn-iee-err-dflt-thru-star.js-strict:true": "test/language/module-code/instn-iee-err-dflt-thru-star.js: Expected error: <nil>",
  "test/language/module-code/instn-iee-err-not-found-as.js-strict:true": "test/language/module-code/instn-iee-err-not-found-as.js: Expected error: <nil>",
  "test/language/module-code/instn-iee-err-not-found.js-strict:true": "test/language/module-code/instn-iee-err-not-found.js: Expected error: <nil>",
  "test/language/module-code/instn-named-bndng-cls.js-strict:true": "test/language/module-code/instn-named-bndng-cls.js: Test262Error: binding is created but not initialized Expected a ReferenceError to be thrown but no exception was thrown at all <at omitted>",
  "test/language/module-code/instn-named-bndng-const.js-strict:true": "test/language/module-code/instn-named-bndng-const.js: Test262Error: binding is created but not initialized Expected a ReferenceError to be thrown but no exception was thrown at all <at omitted>",
  "test/language/module-code/instn-named-bndng-dflt-cls.js-strict:true": "test/language/module-code/instn-named-bndng-dflt-cls.js: Test262Error: Binding is created but not initialized. Expected a ReferenceError to be thrown but no exception was thrown at all <at omitted>",
  "test/language/module-code/instn-named-bndng-dflt-expr.js-strict:true": "test/language/module-code/instn-named-bndng-dflt-expr.js: Test262Error: binding is created but not initialized Expected a ReferenceError to be thrown but no exception was thrown at all <at omitted>",
  "test/language/module-code/instn-named-bndng-dflt-fun-anon.js-strict:true": "test/language/module-code/instn-named-bndng-dflt-fun-anon.js: Test262Error: correct name is assigned Expected SameValue(«», «default») to be true <at omitted>",
  "test/language/module-code/instn-named-bndng-dflt-gen-anon.js-strict:true": "test/language/module-code/instn-named-bndng-dflt-gen-anon.js: Test262Error: correct name is assigned Expected SameValue(«», «default») to be true <at omitted>",
  "test/language/module-code/instn-named-bndng-dflt-named.js-strict:true": "test/language/module-code/instn-named-bndng-dflt-named.js: Test262Error: Expected a ReferenceError to be thrown but no exception was thrown at all <at omitted>",
  "test/language/module-code/instn-named-bndng-dflt-star.js-strict:true": "test/language/module-code/instn-named-bndng-dflt-star.js: Test262Error: Expected a ReferenceError to be thrown but no exception was thrown at all <at omitted>",
  "test/language/module-code/instn-named-bndng-fun.js-strict:true": "test/language/module-code/instn-named-bndng-fun.js: Test262Error: binding rejects assignment Expected a TypeError but got a ReferenceError <at omitted>",
  "test/language/module-code/instn-named-bndng-gen.js-strict:true": "test/language/module-code/instn-named-bndng-gen.js: Test262Error: binding rejects assignment Expected a TypeError but got a ReferenceError <at omitted>",
  "test/language/module-code/instn-named-bndng-let.js-strict:true": "test/language/module-code/instn-named-bndng-let.js: Test262Error: binding is created but not initialized Expected a ReferenceError to be thrown but no exception was thrown at all <at omitted>",
  "test/language/module-code/instn-named-bndng-trlng-comma.js-strict:true": "test/language/module-code/instn-named-bndng-trlng-comma.js: Test262Error: binding rejects assignment Expected a TypeError but got a ReferenceError <at omitted>",
  "test/language/module-code/instn-named-bndng-var.js-strict:true": "test/language/module-code/instn-named-bndng-var.js: Test262Error: binding rejects assignment Expected a TypeError but got a ReferenceError <at omitted>",
  "test/language/module-code/instn-named-err-ambiguous-as.js-strict:true": "test/language/module-code/instn-named-err-ambiguous-as.js: unexpected error type (TypeError), expected (SyntaxError)",
  "test/language/module-code/instn-named-err-ambiguous.js-strict:true": "test/language/module-code/instn-named-err-ambiguous.js: unexpected error type (TypeError), expected (SyntaxError)",
  "test/language/module-code/instn-named-err-dflt-thru-star-as.js-strict:true": "test/language/module-code/instn-named-err-dflt-thru-star-as.js: Expected error: <nil>",
  "test/language/module-code/instn-named-err-dflt-thru-star-dflt.js-strict:true": "test/language/module-code/instn-named-err-dflt-thru-star-dflt.js: Expected error: <nil>",
  "test/language/module-code/instn-named-err-not-found-as.js-strict:true": "test/language/module-code/instn-named-err-not-found-as.js: Expected error: <nil>",
  "test/language/module-code/instn-named-err-not-found-dflt.js-strict:true": "test/language/module-code/instn-named-err-not-found-dflt.js: Expected error: <nil>",
  "test/language/module-code/instn-named-err-not-found.js-strict:true": "test/language/module-code/instn-named-err-not-found.js: Expected error: <nil>",
  "test/language/module-code/instn-named-iee-cycle.js-strict:true": "test/language/module-code/instn-named-iee-cycle.js: Test262Error: Expected SameValue(«undefined», «23») to be true <at omitted>",
  "test/language/module-code/instn-once.js-strict:true": "test/language/module-code/instn-once.js: SyntaxError: file://TestTC39/test262/test/language/module-code/instn-once.js: Unexpected token (35:9)\n  33 | import dflt2, {} from './instn-once.js';\n  34 | export * from './instn-once.js';\n> 35 | export * as ns2 from './instn-once.js';\n     |          ^\n  36 | import dflt3, * as ns from './instn-once.js';\n  37 | export default null;\n  38 |  <at omitted>",
  "test/language/module-code/instn-star-ambiguous.js-strict:true": "test/language/module-code/instn-star-ambiguous.js: TypeError: Cannot redefine property: both <at omitted>",
  "test/language/module-code/instn-star-as-props-dflt-skip.js-strict:true": "test/language/module-code/instn-star-as-props-dflt-skip.js: SyntaxError: file:///TestTC39/test262/test/language/module-code/instn-star-props-dflt-skip-star-as-named_FIXTURE.js: Unexpected token (4:9)\n  2 | // This code is governed by the BSD license found in the LICENSE file.\n  3 | \n> 4 | export * as named from './instn-star-props-dflt-skip-star-as-named-end_FIXTURE.js';\n    |          ^\n  5 |  <at omitted>",
  "test/language/module-code/instn-star-binding.js-strict:true": "test/language/module-code/instn-star-binding.js: Test262Error: binding rejects assignment Expected a TypeError to be thrown but no exception was thrown at all <at omitted>",
  "test/language/module-code/instn-star-equality.js-strict:true": "test/language/module-code/instn-star-equality.js: Test262Error: Local namespace objects from consecutive declarations Expected SameValue(«[object Object]», «[object Object]») to be true <at omitted>",
  "test/language/module-code/instn-star-err-not-found.js-strict:true": "test/language/module-code/instn-star-err-not-found.js: Expected error: <nil>",
  "test/language/module-code/instn-star-iee-cycle.js-strict:true": "test/language/module-code/instn-star-iee-cycle.js: Test262Error: Expected SameValue(«undefined», «23») to be true <at omitted>",
  "test/language/module-code/instn-star-props-circular.js-strict:true": "test/language/module-code/instn-star-props-circular.js: Test262Error: entry for binding from \"a\" in namespace of module B <at omitted>",
  "test/language/module-code/instn-star-props-nrml.js-strict:true": "test/language/module-code/instn-star-props-nrml.js: SyntaxError: file:///TestTC39/test262/test/language/module-code/instn-star-props-nrml-1_FIXTURE.js: Unexpected token (23:9)\n  21 | export { indirectIdName } from './instn-star-props-nrml-indirect_FIXTURE.js';\n  22 | export { indirectIdName as indirectIdName2 } from './instn-star-props-nrml-indirect_FIXTURE.js';\n> 23 | export * as namespaceBinding from './instn-star-props-nrml-indirect_FIXTURE.js';\n     |          ^\n  24 | \n  25 | export * from './instn-star-props-nrml-star_FIXTURE.js';\n  26 |  <at omitted>",
  "test/language/module-code/namespace/Symbol.toStringTag.js-strict:true": "test/language/module-code/namespace/Symbol.toStringTag.js: Test262Error: Expected SameValue(«undefined», «Module») to be true <at omitted>",
  "test/language/module-code/namespace/internals/define-own-property.js-strict:true": "test/language/module-code/namespace/internals/define-own-property.js: Test262Error: Reflect.defineProperty: local2 Expected SameValue(«true», «false») to be true <at omitted>",
  "test/language/module-code/namespace/internals/delete-exported-init.js-strict:true": "test/language/module-code/namespace/internals/delete-exported-init.js: Test262Error: delete: local1 Expected a TypeError to be thrown but no exception was thrown at all <at omitted>",
  "test/language/module-code/namespace/internals/delete-exported-uninit.js-strict:true": "test/language/module-code/namespace/internals/delete-exported-uninit.js: Test262Error: delete: local1 Expected a TypeError to be thrown but no exception was thrown at all <at omitted>",
  "test/language/module-code/namespace/internals/delete-non-exported.js-strict:true": "test/language/module-code/namespace/internals/delete-non-exported.js: Test262Error: delete: Symbol.toStringTag Expected a TypeError to be thrown but no exception was thrown at all <at omitted>",
  "test/language/module-code/namespace/internals/enumerate-binding-uninit.js-strict:true": "test/language/module-code/namespace/internals/enumerate-binding-uninit.js: Test262Error: Expected a ReferenceError to be thrown but no exception was thrown at all <at omitted>",
  "test/language/module-code/namespace/internals/get-nested-namespace-dflt-skip.js-strict:true": "test/language/module-code/namespace/internals/get-nested-namespace-dflt-skip.js: SyntaxError: file:///TestTC39/test262/test/language/module-code/namespace/internals/get-nested-namespace-dflt-skip-named_FIXTURE.js: Unexpected token (4:9)\n  2 | // This code is governed by the BSD license found in the LICENSE file.\n  3 | \n> 4 | export * as namedns2 from './get-nested-namespace-dflt-skip-named-end_FIXTURE.js';\n    |          ^\n  5 |  <at omitted>",
  "test/language/module-code/namespace/internals/get-nested-namespace-props-nrml.js-strict:true": "test/language/module-code/namespace/internals/get-nested-namespace-props-nrml.js: SyntaxError: file:///TestTC39/test262/test/language/module-code/namespace/internals/get-nested-namespace-props-nrml-1_FIXTURE.js: Unexpected token (4:9)\n  2 | // This code is governed by the BSD license found in the LICENSE file.\n  3 | \n> 4 | export * as exportns from './get-nested-namespace-props-nrml-2_FIXTURE.js';\n    |          ^\n  5 |  <at omitted>",
  "test/language/module-code/namespace/internals/get-own-property-str-found-init.js-strict:true": "test/language/module-code/namespace/internals/get-own-property-str-found-init.js: Test262Error: local1 configurable Expected SameValue(«true», «false») to be true <at omitted>",
  "test/language/module-code/namespace/internals/get-own-property-str-found-uninit.js-strict:true": "test/language/module-code/namespace/internals/get-own-property-str-found-uninit.js: Test262Error: hasOwnProperty: local1 Expected a ReferenceError to be thrown but no exception was thrown at all <at omitted>",
  "test/language/module-code/namespace/internals/get-own-property-sym.js-strict:true": "test/language/module-code/namespace/internals/get-own-property-sym.js: Test262Error: Expected SameValue(«false», «true») to be true <at omitted>",
  "test/language/module-code/namespace/internals/get-prototype-of.js-strict:true": "test/language/module-code/namespace/internals/get-prototype-of.js: Test262Error: Expected SameValue(«true», «false») to be true <at omitted>",
  "test/language/module-code/namespace/internals/get-str-found-uninit.js-strict:true": "test/language/module-code/namespace/internals/get-str-found-uninit.js: Test262Error: Expected a ReferenceError to be thrown but no exception was thrown at all <at omitted>",
  "test/language/module-code/namespace/internals/get-str-not-found.js-strict:true": "test/language/module-code/namespace/internals/get-str-not-found.js: Test262Error: key: __proto__ Expected SameValue(«[object Object]», «undefined») to be true <at omitted>",
  "test/language/module-code/namespace/internals/get-sym-found.js-strict:true": "test/language/module-code/namespace/internals/get-sym-found.js: Test262Error: Expected SameValue(«undefined», «string») to be true <at omitted>",
  "test/language/module-code/namespace/internals/has-property-str-found-uninit.js-strict:true": "test/language/module-code/namespace/internals/has-property-str-found-uninit.js: Test262Error: in: default <at omitted>",
  "test/language/module-code/namespace/internals/has-property-str-not-found.js-strict:true": "test/language/module-code/namespace/internals/has-property-str-not-found.js: Test262Error: in: __proto__ Expected SameValue(«true», «false») to be true <at omitted>",
  "test/language/module-code/namespace/internals/has-property-sym-found.js-strict:true": "test/language/module-code/namespace/internals/has-property-sym-found.js: Test262Error: in: Symbol.toStringTag <at omitted>",
  "test/language/module-code/namespace/internals/is-extensible.js-strict:true": "test/language/module-code/namespace/internals/is-extensible.js: Test262Error: Expected SameValue(«true», «false») to be true <at omitted>",
  "test/language/module-code/namespace/internals/object-hasOwnProperty-binding-uninit.js-strict:true": "test/language/module-code/namespace/internals/object-hasOwnProperty-binding-uninit.js: Test262Error: Expected a ReferenceError to be thrown but no exception was thrown at all <at omitted>",
  "test/language/module-code/namespace/internals/object-keys-binding-uninit.js-strict:true": "test/language/module-code/namespace/internals/object-keys-binding-uninit.js: Test262Error: Expected a ReferenceError to be thrown but no exception was thrown at all <at omitted>",
  "test/language/module-code/namespace/internals/object-propertyIsEnumerable-binding-uninit.js-strict:true": "test/language/module-code/namespace/internals/object-propertyIsEnumerable-binding-uninit.js: Test262Error: Expected a ReferenceError to be thrown but no exception was thrown at all <at omitted>",
  "test/language/module-code/namespace/internals/own-property-keys-binding-types.js-strict:true": "test/language/module-code/namespace/internals/own-property-keys-binding-types.js: Test262Error: Expected SameValue(«__esModule», «a_local1») to be true <at omitted>",
  "test/language/module-code/namespace/internals/own-property-keys-sort.js-strict:true": "test/language/module-code/namespace/internals/own-property-keys-sort.js: Test262Error: Expected SameValue(«17», «16») to be true <at omitted>",
  "test/language/module-code/namespace/internals/set-prototype-of.js-strict:true": "test/language/module-code/namespace/internals/set-prototype-of.js: Test262Error: Expected a TypeError to be thrown but no exception was thrown at all <at omitted>",
  "test/language/module-code/namespace/internals/set.js-strict:true": "test/language/module-code/namespace/internals/set.js: Test262Error: Reflect.set: local1 Expected SameValue(«true», «false») to be true <at omitted>",
  "test/language/module-code/parse-err-hoist-lex-fun.js-strict:true": "test/language/module-code/parse-err-hoist-lex-fun.js: error is not an object (Test262: This statement should not be evaluated.)",
  "test/language/module-code/parse-err-return.js-strict:true": "test/language/module-code/parse-err-return.js: error is not an object (Test262: This statement should not be evaluated.)",
  "test/language/reserved-words/await-module.js-strict:true": "test/language/reserved-words/await-module.js: error is not an object (Test262: This statement should not be evaluated.)",
  "test/language/statements/class/class-name-ident-await-escaped-module.js-strict:true": "test/language/statements/class/class-name-ident-await-escaped-module.js: error is not an object (Test262: This statement should not be evaluated.)",
  "test/language/statements/class/class-name-ident-await-module.js-strict:true": "test/language/statements/class/class-name-ident-await-module.js: error is not an object (Test262: This statement should not be evaluated.)",
  "test/language/statements/class/cpn-class-decl-accessors-computed-property-name-from-integer-separators.js-strict:true": "test/language/statements/class/cpn-class-decl-accessors-computed-property-name-from-integer-separators.js: SyntaxError: test/language/statements/class/cpn-class-decl-accessors-computed-property-name-from-integer-separators.js: Identifier directly after number (40:8)\n  38 | \n  39 | class C {\n> 40 |   get [1_2_3_4_5_6_7_8]() {\n     |         ^\n  41 |     return 1_2_3_4_5_6_7_8;\n  42 |   }\n  43 |  <at omitted>",
  "test/language/statements/class/cpn-class-decl-computed-property-name-from-integer-separators.js-strict:true": "test/language/statements/class/cpn-class-decl-computed-property-name-from-integer-separators.js: SyntaxError: test/language/statements/class/cpn-class-decl-computed-property-name-from-integer-separators.js: Identifier directly after number (40:4)\n  38 | \n  39 | class C {\n> 40 |   [1_2_3_4_5_6_7_8]() {\n     |     ^\n  41 |     return 1_2_3_4_5_6_7_8;\n  42 |   }\n  43 |   static [1_2_3_4_5_6_7_8]() { <at omitted>",
  "test/language/statements/class/cpn-class-decl-fields-computed-property-name-from-integer-separators.js-strict:true": "test/language/statements/class/cpn-class-decl-fields-computed-property-name-from-integer-separators.js: SyntaxError: test/language/statements/class/cpn-class-decl-fields-computed-property-name-from-integer-separators.js: Identifier directly after number (40:4)\n  38 | \n  39 | let C = class {\n> 40 |   [1_2_3_4_5_6_7_8] = 1_2_3_4_5_6_7_8;\n     |     ^\n  41 | \n  42 |   static [1_2_3_4_5_6_7_8] = 1_2_3_4_5_6_7_8;\n  43 | }; <at omitted>",
  "test/language/statements/class/cpn-class-decl-fields-methods-computed-property-name-from-integer-separators.js-strict:true": "test/language/statements/class/cpn-class-decl-fields-methods-computed-property-name-from-integer-separators.js: SyntaxError: test/language/statements/class/cpn-class-decl-fields-methods-computed-property-name-from-integer-separators.js: Identifier directly after number (40:4)\n  38 | \n  39 | let C = class {\n> 40 |   [1_2_3_4_5_6_7_8] = () => {\n     |     ^\n  41 |     return 1_2_3_4_5_6_7_8;\n  42 |   };\n  43 |  <at omitted>",
  "test/language/statements/class/elements/private-getter-is-not-a-own-property.js-strict:true": "test/language/statements/class/elements/private-getter-is-not-a-own-property.js: TypeError: Object has no member '__lookupGetter__' <at omitted>",
  "test/language/statements/class/elements/private-setter-is-not-a-own-property.js-strict:true": "test/language/statements/class/elements/private-setter-is-not-a-own-property.js: TypeError: Object has no member '__lookupSetter__' <at omitted>",
  "test/language/statements/labeled/value-await-module-escaped.js-strict:true": "test/language/statements/labeled/value-await-module-escaped.js: error is not an object (Test262: This statement should not be evaluated.)",
  "test/language/statements/labeled/value-await-module.js-strict:true": "test/language/statements/labeled/value-await-module.js: error is not an object (Test262: This statement should not be evaluated.)"
}
