mode: set
github.com/minhhoangvn/k6/js/modules/k6/ws/socketio.go:107.26,109.2 1 1
github.com/minhhoangvn/k6/js/modules/k6/ws/socketio.go:111.100,115.46 4 1
github.com/minhhoangvn/k6/js/modules/k6/ws/socketio.go:118.2,119.58 2 1
github.com/minhhoangvn/k6/js/modules/k6/ws/socketio.go:122.2,122.71 1 1
github.com/minhhoangvn/k6/js/modules/k6/ws/socketio.go:123.2,124.59 2 1
github.com/minhhoangvn/k6/js/modules/k6/ws/socketio.go:125.2,125.62 1 1
github.com/minhhoangvn/k6/js/modules/k6/ws/socketio.go:128.2,129.56 2 1
github.com/minhhoangvn/k6/js/modules/k6/ws/socketio.go:115.46,117.3 1 0
github.com/minhhoangvn/k6/js/modules/k6/ws/socketio.go:119.58,121.3 1 0
github.com/minhhoangvn/k6/js/modules/k6/ws/socketio.go:122.71,122.85 1 0
github.com/minhhoangvn/k6/js/modules/k6/ws/socketio.go:124.59,124.108 2 0
github.com/minhhoangvn/k6/js/modules/k6/ws/socketio.go:125.62,125.114 2 0
github.com/minhhoangvn/k6/js/modules/k6/ws/socketio.go:132.56,133.101 1 1
github.com/minhhoangvn/k6/js/modules/k6/ws/socketio.go:137.2,137.8 1 1
github.com/minhhoangvn/k6/js/modules/k6/ws/socketio.go:133.101,136.3 2 0
github.com/minhhoangvn/k6/js/modules/k6/ws/socketio.go:140.123,141.6 1 1
github.com/minhhoangvn/k6/js/modules/k6/ws/socketio.go:141.6,142.10 1 1
github.com/minhhoangvn/k6/js/modules/k6/ws/socketio.go:143.49,144.27 1 0
github.com/minhhoangvn/k6/js/modules/k6/ws/socketio.go:146.47,147.25 1 0
github.com/minhhoangvn/k6/js/modules/k6/ws/socketio.go:149.53,150.42 1 0
github.com/minhhoangvn/k6/js/modules/k6/ws/socketio.go:152.51,153.31 1 0
github.com/minhhoangvn/k6/js/modules/k6/ws/socketio.go:155.50,156.34 1 0
github.com/minhhoangvn/k6/js/modules/k6/ws/socketio.go:158.37,159.65 1 0
github.com/minhhoangvn/k6/js/modules/k6/ws/socketio.go:163.21,166.54 1 0
github.com/minhhoangvn/k6/js/modules/k6/ws/socketio.go:168.17,169.29 1 0
github.com/minhhoangvn/k6/js/modules/k6/ws/socketio.go:159.65,161.5 1 0
github.com/minhhoangvn/k6/js/modules/k6/ws/socketio.go:174.41,179.2 4 1
github.com/minhhoangvn/k6/js/modules/k6/ws/socketio.go:181.36,183.16 2 1
github.com/minhhoangvn/k6/js/modules/k6/ws/socketio.go:188.2,190.22 3 1
github.com/minhhoangvn/k6/js/modules/k6/ws/socketio.go:193.2,196.12 4 1
github.com/minhhoangvn/k6/js/modules/k6/ws/socketio.go:183.16,187.3 3 0
github.com/minhhoangvn/k6/js/modules/k6/ws/socketio.go:190.22,192.3 1 0
github.com/minhhoangvn/k6/js/modules/k6/ws/socketio.go:199.67,210.2 3 1
github.com/minhhoangvn/k6/js/modules/k6/ws/socketio.go:212.82,222.2 3 1
github.com/minhhoangvn/k6/js/modules/k6/ws/socketio.go:224.46,228.2 1 1
github.com/minhhoangvn/k6/js/modules/k6/ws/socketio.go:230.46,238.2 1 1
github.com/minhhoangvn/k6/js/modules/k6/ws/socketio.go:240.81,243.18 3 1
github.com/minhhoangvn/k6/js/modules/k6/ws/socketio.go:246.2,246.8 1 1
github.com/minhhoangvn/k6/js/modules/k6/ws/socketio.go:243.18,244.93 1 0
github.com/minhhoangvn/k6/js/modules/k6/ws/socketio.go:249.54,254.2 4 1
github.com/minhhoangvn/k6/js/modules/k6/ws/socketio.go:256.61,258.25 2 1
github.com/minhhoangvn/k6/js/modules/k6/ws/socketio.go:272.2,272.75 1 1
github.com/minhhoangvn/k6/js/modules/k6/ws/socketio.go:258.25,260.25 2 1
github.com/minhhoangvn/k6/js/modules/k6/ws/socketio.go:261.20,263.12 2 0
github.com/minhhoangvn/k6/js/modules/k6/ws/socketio.go:264.21,266.12 2 1
github.com/minhhoangvn/k6/js/modules/k6/ws/socketio.go:267.11,269.12 2 0
github.com/minhhoangvn/k6/js/modules/k6/ws/socketio.go:275.70,276.19 1 1
github.com/minhhoangvn/k6/js/modules/k6/ws/socketio.go:277.12,278.9 1 1
github.com/minhhoangvn/k6/js/modules/k6/ws/socketio.go:279.10,280.151 1 0
github.com/minhhoangvn/k6/js/modules/k6/ws/socketio.go:284.100,286.13 2 1
github.com/minhhoangvn/k6/js/modules/k6/ws/socketio.go:289.2,289.21 1 1
github.com/minhhoangvn/k6/js/modules/k6/ws/socketio.go:286.13,288.3 1 0
github.com/minhhoangvn/k6/js/modules/k6/ws/socketio.go:292.62,293.19 1 1
github.com/minhhoangvn/k6/js/modules/k6/ws/socketio.go:296.2,297.42 2 0
github.com/minhhoangvn/k6/js/modules/k6/ws/socketio.go:293.19,295.3 1 1
github.com/minhhoangvn/k6/js/modules/k6/ws/socketio.go:297.42,298.14 1 0
github.com/minhhoangvn/k6/js/modules/k6/ws/socketio.go:299.18,301.12 2 0
github.com/minhhoangvn/k6/js/modules/k6/ws/socketio.go:302.15,304.12 2 0
github.com/minhhoangvn/k6/js/modules/k6/ws/socketio.go:305.18,307.9 2 0
github.com/minhhoangvn/k6/js/modules/k6/ws/socketio.go:308.11,309.12 1 0
github.com/minhhoangvn/k6/js/modules/k6/ws/socketio.go:314.64,316.57 2 0
github.com/minhhoangvn/k6/js/modules/k6/ws/socketio.go:319.2,320.40 2 0
github.com/minhhoangvn/k6/js/modules/k6/ws/socketio.go:316.57,318.3 1 0
github.com/minhhoangvn/k6/js/modules/k6/ws/socketio.go:320.40,322.3 1 0
github.com/minhhoangvn/k6/js/modules/k6/ws/socketio.go:325.64,327.57 2 0
github.com/minhhoangvn/k6/js/modules/k6/ws/socketio.go:330.2,331.26 2 0
github.com/minhhoangvn/k6/js/modules/k6/ws/socketio.go:334.2,336.39 3 0
github.com/minhhoangvn/k6/js/modules/k6/ws/socketio.go:339.2,339.67 1 0
github.com/minhhoangvn/k6/js/modules/k6/ws/socketio.go:327.57,329.3 1 0
github.com/minhhoangvn/k6/js/modules/k6/ws/socketio.go:331.26,333.3 1 0
github.com/minhhoangvn/k6/js/modules/k6/ws/socketio.go:336.39,338.3 1 0
github.com/minhhoangvn/k6/js/modules/k6/ws/socketio.go:342.61,344.51 2 0
github.com/minhhoangvn/k6/js/modules/k6/ws/socketio.go:347.2,348.37 2 0
github.com/minhhoangvn/k6/js/modules/k6/ws/socketio.go:344.51,346.3 1 0
github.com/minhhoangvn/k6/js/modules/k6/ws/socketio.go:348.37,350.3 1 0
github.com/minhhoangvn/k6/js/modules/k6/ws/socketio.go:353.43,356.60 2 1
github.com/minhhoangvn/k6/js/modules/k6/ws/socketio.go:359.2,364.3 1 1
github.com/minhhoangvn/k6/js/modules/k6/ws/socketio.go:356.60,358.3 1 1
github.com/minhhoangvn/k6/js/modules/k6/ws/socketio.go:367.62,368.37 1 1
github.com/minhhoangvn/k6/js/modules/k6/ws/socketio.go:372.2,372.8 1 1
github.com/minhhoangvn/k6/js/modules/k6/ws/socketio.go:368.37,371.3 2 1
github.com/minhhoangvn/k6/js/modules/k6/ws/socketio.go:375.124,377.43 2 0
github.com/minhhoangvn/k6/js/modules/k6/ws/socketio.go:398.2,398.8 1 0
github.com/minhhoangvn/k6/js/modules/k6/ws/socketio.go:377.43,379.56 2 0
github.com/minhhoangvn/k6/js/modules/k6/ws/socketio.go:382.3,382.31 1 0
github.com/minhhoangvn/k6/js/modules/k6/ws/socketio.go:379.56,380.12 1 0
github.com/minhhoangvn/k6/js/modules/k6/ws/socketio.go:383.49,386.39 3 0
github.com/minhhoangvn/k6/js/modules/k6/ws/socketio.go:394.11,395.104 1 0
github.com/minhhoangvn/k6/js/modules/k6/ws/socketio.go:386.39,387.34 1 0
github.com/minhhoangvn/k6/js/modules/k6/ws/socketio.go:388.20,389.64 1 0
github.com/minhhoangvn/k6/js/modules/k6/ws/socketio.go:390.18,391.59 1 0
github.com/minhhoangvn/k6/js/modules/k6/ws/socketio.go:401.38,402.57 1 1
github.com/minhhoangvn/k6/js/modules/k6/ws/socketio.go:405.2,405.59 1 1
github.com/minhhoangvn/k6/js/modules/k6/ws/socketio.go:402.57,404.3 1 0
github.com/minhhoangvn/k6/js/modules/k6/ws/socketio.go:405.59,407.3 1 1
github.com/minhhoangvn/k6/js/modules/k6/ws/socketio.go:410.49,415.16 2 0
github.com/minhhoangvn/k6/js/modules/k6/ws/socketio.go:418.2,418.23 1 0
github.com/minhhoangvn/k6/js/modules/k6/ws/socketio.go:415.16,417.3 1 0
github.com/minhhoangvn/k6/js/modules/k6/ws/socketio.go:421.47,424.2 2 0
github.com/minhhoangvn/k6/js/modules/k6/ws/socketio.go:426.56,430.2 3 0
github.com/minhhoangvn/k6/js/modules/k6/ws/socketio.go:432.52,434.2 1 0
github.com/minhhoangvn/k6/js/modules/k6/ws/socketio.go:436.83,437.56 1 0
github.com/minhhoangvn/k6/js/modules/k6/ws/socketio.go:440.2,440.8 1 0
github.com/minhhoangvn/k6/js/modules/k6/ws/socketio.go:437.56,439.3 1 0
github.com/minhhoangvn/k6/js/modules/k6/ws/socketio.go:443.53,445.2 1 0
github.com/minhhoangvn/k6/js/modules/k6/ws/socketio.go:447.78,458.2 8 0
github.com/minhhoangvn/k6/js/modules/k6/ws/socketio.go:460.64,461.60 1 1
github.com/minhhoangvn/k6/js/modules/k6/ws/socketio.go:464.2,464.62 1 1
github.com/minhhoangvn/k6/js/modules/k6/ws/socketio.go:461.60,463.3 1 0
github.com/minhhoangvn/k6/js/modules/k6/ws/socketio.go:464.62,466.3 1 0
github.com/minhhoangvn/k6/js/modules/k6/ws/socketio.go:469.116,479.2 1 0
github.com/minhhoangvn/k6/js/modules/k6/ws/socketio.go:481.87,482.63 1 0
github.com/minhhoangvn/k6/js/modules/k6/ws/socketio.go:482.63,489.3 1 0
github.com/minhhoangvn/k6/js/modules/k6/ws/socketio.go:492.91,493.71 1 0
github.com/minhhoangvn/k6/js/modules/k6/ws/socketio.go:493.71,500.3 1 0
github.com/minhhoangvn/k6/js/modules/k6/ws/socketio.go:503.87,504.53 1 0
github.com/minhhoangvn/k6/js/modules/k6/ws/socketio.go:504.53,511.3 1 0
github.com/minhhoangvn/k6/js/modules/k6/ws/socketio.go:514.28,516.2 1 0
github.com/minhhoangvn/k6/js/modules/k6/ws/socketio.go:518.57,519.53 1 1
github.com/minhhoangvn/k6/js/modules/k6/ws/socketio.go:519.53,521.3 1 1
github.com/minhhoangvn/k6/js/modules/k6/ws/socketio.go:524.66,526.2 1 0
github.com/minhhoangvn/k6/js/modules/k6/ws/socketio.go:528.74,530.2 1 0
github.com/minhhoangvn/k6/js/modules/k6/ws/socketio.go:532.69,533.48 1 0
github.com/minhhoangvn/k6/js/modules/k6/ws/socketio.go:533.48,534.36 1 0
github.com/minhhoangvn/k6/js/modules/k6/ws/socketio.go:534.36,535.64 1 0
github.com/minhhoangvn/k6/js/modules/k6/ws/socketio.go:535.64,537.5 1 0
github.com/minhhoangvn/k6/js/modules/k6/ws/socketio.go:542.59,545.77 1 0
github.com/minhhoangvn/k6/js/modules/k6/ws/socketio.go:548.2,553.24 6 0
github.com/minhhoangvn/k6/js/modules/k6/ws/socketio.go:558.2,558.85 1 0
github.com/minhhoangvn/k6/js/modules/k6/ws/socketio.go:562.2,562.79 1 0
github.com/minhhoangvn/k6/js/modules/k6/ws/socketio.go:545.77,547.3 1 0
github.com/minhhoangvn/k6/js/modules/k6/ws/socketio.go:553.24,555.3 1 0
github.com/minhhoangvn/k6/js/modules/k6/ws/socketio.go:555.8,557.3 1 0
github.com/minhhoangvn/k6/js/modules/k6/ws/socketio.go:558.85,560.3 1 0
github.com/minhhoangvn/k6/js/modules/k6/ws/socketio.go:565.45,568.56 2 0
github.com/minhhoangvn/k6/js/modules/k6/ws/socketio.go:573.2,575.102 2 0
github.com/minhhoangvn/k6/js/modules/k6/ws/socketio.go:568.56,572.3 1 0
github.com/minhhoangvn/k6/js/modules/k6/ws/socketio.go:578.52,581.27 2 0
github.com/minhhoangvn/k6/js/modules/k6/ws/socketio.go:602.2,602.12 1 0
github.com/minhhoangvn/k6/js/modules/k6/ws/socketio.go:581.27,588.17 3 0
github.com/minhhoangvn/k6/js/modules/k6/ws/socketio.go:594.3,599.16 3 0
github.com/minhhoangvn/k6/js/modules/k6/ws/socketio.go:588.17,591.4 1 0
github.com/minhhoangvn/k6/js/modules/k6/ws/socketio.go:605.64,608.12 1 0
github.com/minhhoangvn/k6/js/modules/k6/ws/socketio.go:608.12,609.10 1 0
github.com/minhhoangvn/k6/js/modules/k6/ws/socketio.go:610.66,611.21 1 0
github.com/minhhoangvn/k6/js/modules/k6/ws/socketio.go:613.17,614.10 1 0
github.com/minhhoangvn/k6/js/modules/k6/ws/socketio.go:619.66,622.12 1 0
github.com/minhhoangvn/k6/js/modules/k6/ws/socketio.go:622.12,626.7 3 0
github.com/minhhoangvn/k6/js/modules/k6/ws/socketio.go:626.7,627.11 1 0
github.com/minhhoangvn/k6/js/modules/k6/ws/socketio.go:628.20,629.22 1 0
github.com/minhhoangvn/k6/js/modules/k6/ws/socketio.go:631.18,632.11 1 0
github.com/minhhoangvn/k6/js/modules/k6/ws/socketio.go:638.46,640.19 2 0
github.com/minhhoangvn/k6/js/modules/k6/ws/socketio.go:644.2,644.25 1 0
github.com/minhhoangvn/k6/js/modules/k6/ws/socketio.go:640.19,642.3 1 0
github.com/minhhoangvn/k6/js/modules/k6/ws/socketio.go:647.27,654.16 6 0
github.com/minhhoangvn/k6/js/modules/k6/ws/socketio.go:659.2,660.29 2 0
github.com/minhhoangvn/k6/js/modules/k6/ws/socketio.go:654.16,657.3 2 0
github.com/minhhoangvn/k6/js/modules/k6/ws/socketio.go:663.107,666.16 3 0
github.com/minhhoangvn/k6/js/modules/k6/ws/socketio.go:669.2,670.8 2 0
github.com/minhhoangvn/k6/js/modules/k6/ws/socketio.go:666.16,668.3 1 0
github.com/minhhoangvn/k6/js/modules/k6/ws/socketio.go:673.58,675.19 2 0
github.com/minhhoangvn/k6/js/modules/k6/ws/socketio.go:676.15,677.26 1 0
github.com/minhhoangvn/k6/js/modules/k6/ws/socketio.go:678.10,679.9 1 0
github.com/minhhoangvn/k6/js/modules/k6/ws/socketio.go:683.90,685.19 2 0
github.com/minhhoangvn/k6/js/modules/k6/ws/socketio.go:698.2,699.22 2 0
github.com/minhhoangvn/k6/js/modules/k6/ws/socketio.go:702.2,702.76 1 0
github.com/minhhoangvn/k6/js/modules/k6/ws/socketio.go:686.12,687.34 1 0
github.com/minhhoangvn/k6/js/modules/k6/ws/socketio.go:688.21,689.37 1 0
github.com/minhhoangvn/k6/js/modules/k6/ws/socketio.go:690.10,693.20 3 0
github.com/minhhoangvn/k6/js/modules/k6/ws/socketio.go:693.20,695.4 1 0
github.com/minhhoangvn/k6/js/modules/k6/ws/socketio.go:699.22,701.3 1 0
github.com/minhhoangvn/k6/js/modules/k6/ws/socketio.go:706.71,708.32 2 0
github.com/minhhoangvn/k6/js/modules/k6/ws/socketio.go:729.2,729.8 1 0
github.com/minhhoangvn/k6/js/modules/k6/ws/socketio.go:708.32,709.15 1 0
github.com/minhhoangvn/k6/js/modules/k6/ws/socketio.go:721.3,721.15 1 0
github.com/minhhoangvn/k6/js/modules/k6/ws/socketio.go:709.15,710.22 1 0
github.com/minhhoangvn/k6/js/modules/k6/ws/socketio.go:719.4,719.16 1 0
github.com/minhhoangvn/k6/js/modules/k6/ws/socketio.go:711.11,712.18 1 0
github.com/minhhoangvn/k6/js/modules/k6/ws/socketio.go:713.11,715.17 2 0
github.com/minhhoangvn/k6/js/modules/k6/ws/socketio.go:716.12,717.47 1 0
github.com/minhhoangvn/k6/js/modules/k6/ws/socketio.go:721.15,722.22 1 0
github.com/minhhoangvn/k6/js/modules/k6/ws/socketio.go:725.4,726.9 2 0
github.com/minhhoangvn/k6/js/modules/k6/ws/socketio.go:722.22,723.13 1 0
github.com/minhhoangvn/k6/js/modules/k6/ws/ws.go:79.16,81.2 1 0
github.com/minhhoangvn/k6/js/modules/k6/ws/ws.go:83.98,86.18 3 0
github.com/minhhoangvn/k6/js/modules/k6/ws/ws.go:91.2,92.19 2 0
github.com/minhhoangvn/k6/js/modules/k6/ws/ws.go:104.2,105.13 2 0
github.com/minhhoangvn/k6/js/modules/k6/ws/ws.go:110.2,115.57 3 0
github.com/minhhoangvn/k6/js/modules/k6/ws/ws.go:149.2,149.48 1 0
github.com/minhhoangvn/k6/js/modules/k6/ws/ws.go:152.2,152.50 1 0
github.com/minhhoangvn/k6/js/modules/k6/ws/ws.go:158.2,158.61 1 0
github.com/minhhoangvn/k6/js/modules/k6/ws/ws.go:163.2,164.28 2 0
github.com/minhhoangvn/k6/js/modules/k6/ws/ws.go:169.2,189.75 7 0
github.com/minhhoangvn/k6/js/modules/k6/ws/ws.go:195.2,195.20 1 0
github.com/minhhoangvn/k6/js/modules/k6/ws/ws.go:203.2,203.74 1 0
github.com/minhhoangvn/k6/js/modules/k6/ws/ws.go:208.2,209.22 2 0
github.com/minhhoangvn/k6/js/modules/k6/ws/ws.go:212.2,214.15 2 0
github.com/minhhoangvn/k6/js/modules/k6/ws/ws.go:216.2,216.51 1 0
github.com/minhhoangvn/k6/js/modules/k6/ws/ws.go:219.2,219.53 1 0
github.com/minhhoangvn/k6/js/modules/k6/ws/ws.go:224.2,231.57 2 0
github.com/minhhoangvn/k6/js/modules/k6/ws/ws.go:234.2,236.45 3 0
github.com/minhhoangvn/k6/js/modules/k6/ws/ws.go:237.2,237.48 1 0
github.com/minhhoangvn/k6/js/modules/k6/ws/ws.go:239.2,248.6 5 0
github.com/minhhoangvn/k6/js/modules/k6/ws/ws.go:86.18,88.3 1 0
github.com/minhhoangvn/k6/js/modules/k6/ws/ws.go:93.9,95.22 2 0
github.com/minhhoangvn/k6/js/modules/k6/ws/ws.go:96.9,98.22 2 0
github.com/minhhoangvn/k6/js/modules/k6/ws/ws.go:99.10,100.70 1 0
github.com/minhhoangvn/k6/js/modules/k6/ws/ws.go:105.13,107.3 1 0
github.com/minhhoangvn/k6/js/modules/k6/ws/ws.go:115.57,117.35 2 0
github.com/minhhoangvn/k6/js/modules/k6/ws/ws.go:117.35,118.13 1 0
github.com/minhhoangvn/k6/js/modules/k6/ws/ws.go:119.19,122.60 3 0
github.com/minhhoangvn/k6/js/modules/k6/ws/ws.go:125.5,126.26 2 0
github.com/minhhoangvn/k6/js/modules/k6/ws/ws.go:129.5,129.43 1 0
github.com/minhhoangvn/k6/js/modules/k6/ws/ws.go:132.16,134.54 2 0
github.com/minhhoangvn/k6/js/modules/k6/ws/ws.go:137.5,138.22 2 0
github.com/minhhoangvn/k6/js/modules/k6/ws/ws.go:141.5,141.39 1 0
github.com/minhhoangvn/k6/js/modules/k6/ws/ws.go:122.60,123.14 1 0
github.com/minhhoangvn/k6/js/modules/k6/ws/ws.go:126.26,127.14 1 0
github.com/minhhoangvn/k6/js/modules/k6/ws/ws.go:129.43,131.6 1 0
github.com/minhhoangvn/k6/js/modules/k6/ws/ws.go:134.54,135.14 1 0
github.com/minhhoangvn/k6/js/modules/k6/ws/ws.go:138.22,139.14 1 0
github.com/minhhoangvn/k6/js/modules/k6/ws/ws.go:141.39,143.6 1 0
github.com/minhhoangvn/k6/js/modules/k6/ws/ws.go:149.48,151.3 1 0
github.com/minhhoangvn/k6/js/modules/k6/ws/ws.go:152.50,154.3 1 0
github.com/minhhoangvn/k6/js/modules/k6/ws/ws.go:158.61,160.3 1 0
github.com/minhhoangvn/k6/js/modules/k6/ws/ws.go:164.28,167.3 2 0
github.com/minhhoangvn/k6/js/modules/k6/ws/ws.go:189.75,190.78 1 0
github.com/minhhoangvn/k6/js/modules/k6/ws/ws.go:190.78,192.4 1 0
github.com/minhhoangvn/k6/js/modules/k6/ws/ws.go:195.20,200.3 2 0
github.com/minhhoangvn/k6/js/modules/k6/ws/ws.go:203.74,206.3 2 0
github.com/minhhoangvn/k6/js/modules/k6/ws/ws.go:209.22,211.3 1 0
github.com/minhhoangvn/k6/js/modules/k6/ws/ws.go:214.15,214.35 1 0
github.com/minhhoangvn/k6/js/modules/k6/ws/ws.go:216.51,218.3 1 0
github.com/minhhoangvn/k6/js/modules/k6/ws/ws.go:219.53,221.3 1 0
github.com/minhhoangvn/k6/js/modules/k6/ws/ws.go:231.57,231.71 1 0
github.com/minhhoangvn/k6/js/modules/k6/ws/ws.go:236.45,236.76 2 0
github.com/minhhoangvn/k6/js/modules/k6/ws/ws.go:237.48,237.82 2 0
github.com/minhhoangvn/k6/js/modules/k6/ws/ws.go:248.6,249.10 1 0
github.com/minhhoangvn/k6/js/modules/k6/ws/ws.go:250.31,255.18 2 0
github.com/minhhoangvn/k6/js/modules/k6/ws/ws.go:258.4,258.30 1 0
github.com/minhhoangvn/k6/js/modules/k6/ws/ws.go:260.29,263.30 2 0
github.com/minhhoangvn/k6/js/modules/k6/ws/ws.go:265.35,267.63 2 0
github.com/minhhoangvn/k6/js/modules/k6/ws/ws.go:269.33,270.52 1 0
github.com/minhhoangvn/k6/js/modules/k6/ws/ws.go:272.32,273.36 1 0
github.com/minhhoangvn/k6/js/modules/k6/ws/ws.go:275.42,276.59 1 0
github.com/minhhoangvn/k6/js/modules/k6/ws/ws.go:280.21,283.56 1 0
github.com/minhhoangvn/k6/js/modules/k6/ws/ws.go:285.22,302.62 5 0
github.com/minhhoangvn/k6/js/modules/k6/ws/ws.go:311.4,311.70 1 0
github.com/minhhoangvn/k6/js/modules/k6/ws/ws.go:320.4,320.52 1 0
github.com/minhhoangvn/k6/js/modules/k6/ws/ws.go:329.4,329.26 1 0
github.com/minhhoangvn/k6/js/modules/k6/ws/ws.go:255.18,257.5 1 0
github.com/minhhoangvn/k6/js/modules/k6/ws/ws.go:276.59,278.5 1 0
github.com/minhhoangvn/k6/js/modules/k6/ws/ws.go:302.62,309.5 1 0
github.com/minhhoangvn/k6/js/modules/k6/ws/ws.go:311.70,318.5 1 0
github.com/minhhoangvn/k6/js/modules/k6/ws/ws.go:320.52,327.5 1 0
github.com/minhhoangvn/k6/js/modules/k6/ws/ws.go:334.55,335.53 1 0
github.com/minhhoangvn/k6/js/modules/k6/ws/ws.go:335.53,337.3 1 0
github.com/minhhoangvn/k6/js/modules/k6/ws/ws.go:340.64,341.48 1 0
github.com/minhhoangvn/k6/js/modules/k6/ws/ws.go:341.48,342.36 1 0
github.com/minhhoangvn/k6/js/modules/k6/ws/ws.go:342.36,343.64 1 0
github.com/minhhoangvn/k6/js/modules/k6/ws/ws.go:343.64,345.5 1 0
github.com/minhhoangvn/k6/js/modules/k6/ws/ws.go:350.39,356.78 3 0
github.com/minhhoangvn/k6/js/modules/k6/ws/ws.go:360.2,360.63 1 0
github.com/minhhoangvn/k6/js/modules/k6/ws/ws.go:356.78,358.3 1 0
github.com/minhhoangvn/k6/js/modules/k6/ws/ws.go:363.25,370.16 6 0
github.com/minhhoangvn/k6/js/modules/k6/ws/ws.go:375.2,376.21 2 0
github.com/minhhoangvn/k6/js/modules/k6/ws/ws.go:370.16,373.3 2 0
github.com/minhhoangvn/k6/js/modules/k6/ws/ws.go:379.43,382.48 2 0
github.com/minhhoangvn/k6/js/modules/k6/ws/ws.go:387.2,389.86 2 0
github.com/minhhoangvn/k6/js/modules/k6/ws/ws.go:382.48,386.3 1 0
github.com/minhhoangvn/k6/js/modules/k6/ws/ws.go:392.62,395.12 1 0
github.com/minhhoangvn/k6/js/modules/k6/ws/ws.go:395.12,396.10 1 0
github.com/minhhoangvn/k6/js/modules/k6/ws/ws.go:397.66,398.21 1 0
github.com/minhhoangvn/k6/js/modules/k6/ws/ws.go:400.17,401.10 1 0
github.com/minhhoangvn/k6/js/modules/k6/ws/ws.go:406.64,409.12 1 0
github.com/minhhoangvn/k6/js/modules/k6/ws/ws.go:409.12,413.7 3 0
github.com/minhhoangvn/k6/js/modules/k6/ws/ws.go:413.7,414.11 1 0
github.com/minhhoangvn/k6/js/modules/k6/ws/ws.go:415.20,416.22 1 0
github.com/minhhoangvn/k6/js/modules/k6/ws/ws.go:418.18,419.11 1 0
github.com/minhhoangvn/k6/js/modules/k6/ws/ws.go:425.44,427.19 2 0
github.com/minhhoangvn/k6/js/modules/k6/ws/ws.go:431.2,431.29 1 0
github.com/minhhoangvn/k6/js/modules/k6/ws/ws.go:427.19,429.3 1 0
github.com/minhhoangvn/k6/js/modules/k6/ws/ws.go:436.50,439.27 2 0
github.com/minhhoangvn/k6/js/modules/k6/ws/ws.go:460.2,460.12 1 0
github.com/minhhoangvn/k6/js/modules/k6/ws/ws.go:439.27,446.17 3 0
github.com/minhhoangvn/k6/js/modules/k6/ws/ws.go:452.3,457.16 3 0
github.com/minhhoangvn/k6/js/modules/k6/ws/ws.go:446.17,449.4 1 0
github.com/minhhoangvn/k6/js/modules/k6/ws/ws.go:464.101,465.6 1 1
github.com/minhhoangvn/k6/js/modules/k6/ws/ws.go:465.6,467.17 2 1
github.com/minhhoangvn/k6/js/modules/k6/ws/ws.go:481.3,481.22 1 0
github.com/minhhoangvn/k6/js/modules/k6/ws/ws.go:467.17,469.66 1 0
github.com/minhhoangvn/k6/js/modules/k6/ws/ws.go:473.4,474.48 2 0
github.com/minhhoangvn/k6/js/modules/k6/ws/ws.go:477.4,478.10 2 0
github.com/minhhoangvn/k6/js/modules/k6/ws/ws.go:469.66,472.5 1 0
github.com/minhhoangvn/k6/js/modules/k6/ws/ws.go:474.48,476.5 1 0
github.com/minhhoangvn/k6/js/modules/k6/ws/ws.go:486.77,492.16 3 1
github.com/minhhoangvn/k6/js/modules/k6/ws/ws.go:496.2,497.16 2 1
github.com/minhhoangvn/k6/js/modules/k6/ws/ws.go:501.2,504.41 3 1
github.com/minhhoangvn/k6/js/modules/k6/ws/ws.go:508.2,508.25 1 1
github.com/minhhoangvn/k6/js/modules/k6/ws/ws.go:492.16,494.3 1 0
github.com/minhhoangvn/k6/js/modules/k6/ws/ws.go:497.16,499.3 1 0
github.com/minhhoangvn/k6/js/modules/k6/ws/ws.go:504.41,506.3 1 1
